2026-02-21 03:14:29 | INFO     | runner | Running Bronze layer...
2026-02-21 03:14:29 | INFO     | pipeline.bronze | ==================================================
2026-02-21 03:14:29 | INFO     | pipeline.bronze | BRONZE LAYER — Starting ingestion
2026-02-21 03:14:29 | INFO     | pipeline.bronze | ==================================================
2026-02-21 03:14:35 | INFO     | pipeline.bronze | Saved 75 rows → /Users/divyanshshrivastava/bootcamp-hub/repos/statsbomb-viz/data/bronze/competitions/competitions.parquet
2026-02-21 03:14:35 | INFO     | pipeline.bronze | Loaded 1 enabled competition(s) from config
2026-02-21 03:14:35 | INFO     | pipeline.bronze | Processing: FIFA World Cup 2022
2026-02-21 03:14:35 | INFO     | pipeline.bronze | Fetching matches for FIFA World Cup 2022...
2026-02-21 03:14:36 | INFO     | pipeline.bronze | Saved 64 rows → /Users/divyanshshrivastava/bootcamp-hub/repos/statsbomb-viz/data/bronze/matches/43_106.parquet
2026-02-21 03:14:36 | INFO     | pipeline.bronze | Found 64 matches for FIFA World Cup 2022
2026-02-21 03:14:36 | INFO     | pipeline.bronze | Fetching events for match 3857256...
2026-02-21 03:14:38 | INFO     | pipeline.bronze | Saved 3211 rows → /Users/divyanshshrivastava/bootcamp-hub/repos/statsbomb-viz/data/bronze/events/3857256.parquet
2026-02-21 03:14:38 | INFO     | pipeline.bronze | Fetching lineups for match 3857256...
2026-02-21 03:14:39 | INFO     | pipeline.bronze | Saved 49 rows → /Users/divyanshshrivastava/bootcamp-hub/repos/statsbomb-viz/data/bronze/lineups/3857256.parquet
2026-02-21 03:14:39 | INFO     | pipeline.bronze | Fetching events for match 3869151...
2026-02-21 03:14:42 | INFO     | pipeline.bronze | Saved 4150 rows → /Users/divyanshshrivastava/bootcamp-hub/repos/statsbomb-viz/data/bronze/events/3869151.parquet
2026-02-21 03:14:42 | INFO     | pipeline.bronze | Fetching lineups for match 3869151...
2026-02-21 03:14:43 | INFO     | pipeline.bronze | Saved 52 rows → /Users/divyanshshrivastava/bootcamp-hub/repos/statsbomb-viz/data/bronze/lineups/3869151.parquet
2026-02-21 03:14:43 | INFO     | pipeline.bronze | Fetching events for match 3857257...
2026-02-21 03:14:45 | INFO     | pipeline.bronze | Saved 3594 rows → /Users/divyanshshrivastava/bootcamp-hub/repos/statsbomb-viz/data/bronze/events/3857257.parquet
2026-02-21 03:14:45 | INFO     | pipeline.bronze | Fetching lineups for match 3857257...
2026-02-21 03:14:46 | INFO     | pipeline.bronze | Saved 51 rows → /Users/divyanshshrivastava/bootcamp-hub/repos/statsbomb-viz/data/bronze/lineups/3857257.parquet
2026-02-21 03:14:46 | INFO     | pipeline.bronze | Fetching events for match 3857258...
2026-02-21 03:14:48 | INFO     | pipeline.bronze | Saved 3656 rows → /Users/divyanshshrivastava/bootcamp-hub/repos/statsbomb-viz/data/bronze/events/3857258.parquet
2026-02-21 03:14:48 | INFO     | pipeline.bronze | Fetching lineups for match 3857258...
2026-02-21 03:14:49 | INFO     | pipeline.bronze | Saved 52 rows → /Users/divyanshshrivastava/bootcamp-hub/repos/statsbomb-viz/data/bronze/lineups/3857258.parquet
2026-02-21 03:14:49 | INFO     | pipeline.bronze | Fetching events for match 3857288...
2026-02-21 03:14:52 | INFO     | pipeline.bronze | Saved 3360 rows → /Users/divyanshshrivastava/bootcamp-hub/repos/statsbomb-viz/data/bronze/events/3857288.parquet
2026-02-21 03:14:52 | INFO     | pipeline.bronze | Fetching lineups for match 3857288...
2026-02-21 03:14:53 | INFO     | pipeline.bronze | Saved 51 rows → /Users/divyanshshrivastava/bootcamp-hub/repos/statsbomb-viz/data/bronze/lineups/3857288.parquet
2026-02-21 03:14:53 | INFO     | pipeline.bronze | Fetching events for match 3857267...
2026-02-21 03:14:55 | INFO     | pipeline.bronze | Saved 2828 rows → /Users/divyanshshrivastava/bootcamp-hub/repos/statsbomb-viz/data/bronze/events/3857267.parquet
2026-02-21 03:14:55 | INFO     | pipeline.bronze | Fetching lineups for match 3857267...
2026-02-21 03:14:56 | INFO     | pipeline.bronze | Saved 51 rows → /Users/divyanshshrivastava/bootcamp-hub/repos/statsbomb-viz/data/bronze/lineups/3857267.parquet
2026-02-21 03:14:56 | INFO     | pipeline.bronze | Fetching events for match 3869321...
2026-02-21 03:14:58 | INFO     | pipeline.bronze | Saved 4708 rows → /Users/divyanshshrivastava/bootcamp-hub/repos/statsbomb-viz/data/bronze/events/3869321.parquet
2026-02-21 03:14:58 | INFO     | pipeline.bronze | Fetching lineups for match 3869321...
2026-02-21 03:14:59 | INFO     | pipeline.bronze | Saved 52 rows → /Users/divyanshshrivastava/bootcamp-hub/repos/statsbomb-viz/data/bronze/lineups/3869321.parquet
2026-02-21 03:14:59 | INFO     | pipeline.bronze | Fetching events for match 3857287...
2026-02-21 03:15:01 | INFO     | pipeline.bronze | Saved 3462 rows → /Users/divyanshshrivastava/bootcamp-hub/repos/statsbomb-viz/data/bronze/events/3857287.parquet
2026-02-21 03:15:01 | INFO     | pipeline.bronze | Fetching lineups for match 3857287...
2026-02-21 03:15:03 | INFO     | pipeline.bronze | Saved 51 rows → /Users/divyanshshrivastava/bootcamp-hub/repos/statsbomb-viz/data/bronze/lineups/3857287.parquet
2026-02-21 03:15:03 | INFO     | pipeline.bronze | Fetching events for match 3869486...
2026-02-21 03:15:05 | INFO     | pipeline.bronze | Saved 3381 rows → /Users/divyanshshrivastava/bootcamp-hub/repos/statsbomb-viz/data/bronze/events/3869486.parquet
2026-02-21 03:15:05 | INFO     | pipeline.bronze | Fetching lineups for match 3869486...
2026-02-21 03:15:05 | INFO     | pipeline.bronze | Saved 48 rows → /Users/divyanshshrivastava/bootcamp-hub/repos/statsbomb-viz/data/bronze/lineups/3869486.parquet
2026-02-21 03:15:05 | INFO     | pipeline.bronze | Fetching events for match 3869685...
2026-02-21 03:15:08 | INFO     | pipeline.bronze | Saved 4407 rows → /Users/divyanshshrivastava/bootcamp-hub/repos/statsbomb-viz/data/bronze/events/3869685.parquet
2026-02-21 03:15:08 | INFO     | pipeline.bronze | Fetching lineups for match 3869685...
2026-02-21 03:15:09 | INFO     | pipeline.bronze | Saved 50 rows → /Users/divyanshshrivastava/bootcamp-hub/repos/statsbomb-viz/data/bronze/lineups/3869685.parquet
2026-02-21 03:15:09 | INFO     | pipeline.bronze | Fetching events for match 3857260...
2026-02-21 03:15:10 | INFO     | pipeline.bronze | Saved 2912 rows → /Users/divyanshshrivastava/bootcamp-hub/repos/statsbomb-viz/data/bronze/events/3857260.parquet
2026-02-21 03:15:11 | INFO     | pipeline.bronze | Fetching lineups for match 3857260...
2026-02-21 03:15:11 | INFO     | pipeline.bronze | Saved 48 rows → /Users/divyanshshrivastava/bootcamp-hub/repos/statsbomb-viz/data/bronze/lineups/3857260.parquet
2026-02-21 03:15:11 | INFO     | pipeline.bronze | Fetching events for match 3857264...
2026-02-21 03:15:14 | INFO     | pipeline.bronze | Saved 4052 rows → /Users/divyanshshrivastava/bootcamp-hub/repos/statsbomb-viz/data/bronze/events/3857264.parquet
2026-02-21 03:15:14 | INFO     | pipeline.bronze | Fetching lineups for match 3857264...
2026-02-21 03:15:15 | INFO     | pipeline.bronze | Saved 52 rows → /Users/divyanshshrivastava/bootcamp-hub/repos/statsbomb-viz/data/bronze/lineups/3857264.parquet
2026-02-21 03:15:15 | INFO     | pipeline.bronze | Fetching events for match 3857266...
2026-02-21 03:15:17 | INFO     | pipeline.bronze | Saved 3852 rows → /Users/divyanshshrivastava/bootcamp-hub/repos/statsbomb-viz/data/bronze/events/3857266.parquet
2026-02-21 03:15:17 | INFO     | pipeline.bronze | Fetching lineups for match 3857266...
2026-02-21 03:15:18 | INFO     | pipeline.bronze | Saved 49 rows → /Users/divyanshshrivastava/bootcamp-hub/repos/statsbomb-viz/data/bronze/lineups/3857266.parquet
2026-02-21 03:15:18 | INFO     | pipeline.bronze | Fetching events for match 3857289...
2026-02-21 03:15:20 | INFO     | pipeline.bronze | Saved 3375 rows → /Users/divyanshshrivastava/bootcamp-hub/repos/statsbomb-viz/data/bronze/events/3857289.parquet
2026-02-21 03:15:20 | INFO     | pipeline.bronze | Fetching lineups for match 3857289...
2026-02-21 03:15:21 | INFO     | pipeline.bronze | Saved 52 rows → /Users/divyanshshrivastava/bootcamp-hub/repos/statsbomb-viz/data/bronze/lineups/3857289.parquet
2026-02-21 03:15:21 | INFO     | pipeline.bronze | Fetching events for match 3857269...
2026-02-21 03:15:23 | INFO     | pipeline.bronze | Saved 3787 rows → /Users/divyanshshrivastava/bootcamp-hub/repos/statsbomb-viz/data/bronze/events/3857269.parquet
2026-02-21 03:15:23 | INFO     | pipeline.bronze | Fetching lineups for match 3857269...
2026-02-21 03:15:24 | INFO     | pipeline.bronze | Saved 50 rows → /Users/divyanshshrivastava/bootcamp-hub/repos/statsbomb-viz/data/bronze/lineups/3857269.parquet
2026-02-21 03:15:24 | INFO     | pipeline.bronze | Fetching events for match 3857294...
2026-02-21 03:15:27 | INFO     | pipeline.bronze | Saved 4312 rows → /Users/divyanshshrivastava/bootcamp-hub/repos/statsbomb-viz/data/bronze/events/3857294.parquet
2026-02-21 03:15:27 | INFO     | pipeline.bronze | Fetching lineups for match 3857294...
2026-02-21 03:15:28 | INFO     | pipeline.bronze | Saved 52 rows → /Users/divyanshshrivastava/bootcamp-hub/repos/statsbomb-viz/data/bronze/lineups/3857294.parquet
2026-02-21 03:15:28 | INFO     | pipeline.bronze | Fetching events for match 3869254...
2026-02-21 03:15:30 | INFO     | pipeline.bronze | Saved 3422 rows → /Users/divyanshshrivastava/bootcamp-hub/repos/statsbomb-viz/data/bronze/events/3869254.parquet
2026-02-21 03:15:30 | INFO     | pipeline.bronze | Fetching lineups for match 3869254...
2026-02-21 03:15:31 | INFO     | pipeline.bronze | Saved 49 rows → /Users/divyanshshrivastava/bootcamp-hub/repos/statsbomb-viz/data/bronze/lineups/3869254.parquet
2026-02-21 03:15:31 | INFO     | pipeline.bronze | Fetching events for match 3869118...
2026-02-21 03:15:33 | INFO     | pipeline.bronze | Saved 3505 rows → /Users/divyanshshrivastava/bootcamp-hub/repos/statsbomb-viz/data/bronze/events/3869118.parquet
2026-02-21 03:15:33 | INFO     | pipeline.bronze | Fetching lineups for match 3869118...
2026-02-21 03:15:34 | INFO     | pipeline.bronze | Saved 48 rows → /Users/divyanshshrivastava/bootcamp-hub/repos/statsbomb-viz/data/bronze/lineups/3869118.parquet
2026-02-21 03:15:34 | INFO     | pipeline.bronze | Fetching events for match 3869684...
2026-02-21 03:15:36 | INFO     | pipeline.bronze | Saved 3560 rows → /Users/divyanshshrivastava/bootcamp-hub/repos/statsbomb-viz/data/bronze/events/3869684.parquet
2026-02-21 03:15:36 | INFO     | pipeline.bronze | Fetching lineups for match 3869684...
2026-02-21 03:15:37 | INFO     | pipeline.bronze | Saved 51 rows → /Users/divyanshshrivastava/bootcamp-hub/repos/statsbomb-viz/data/bronze/lineups/3869684.parquet
2026-02-21 03:15:37 | INFO     | pipeline.bronze | Fetching events for match 3869519...
2026-02-21 03:15:39 | INFO     | pipeline.bronze | Saved 3806 rows → /Users/divyanshshrivastava/bootcamp-hub/repos/statsbomb-viz/data/bronze/events/3869519.parquet
2026-02-21 03:15:39 | INFO     | pipeline.bronze | Fetching lineups for match 3869519...
2026-02-21 03:15:40 | INFO     | pipeline.bronze | Saved 49 rows → /Users/divyanshshrivastava/bootcamp-hub/repos/statsbomb-viz/data/bronze/lineups/3869519.parquet
2026-02-21 03:15:40 | INFO     | pipeline.bronze | Fetching events for match 3869354...
2026-02-21 03:15:41 | INFO     | pipeline.bronze | Saved 3239 rows → /Users/divyanshshrivastava/bootcamp-hub/repos/statsbomb-viz/data/bronze/events/3869354.parquet
2026-02-21 03:15:41 | INFO     | pipeline.bronze | Fetching lineups for match 3869354...
2026-02-21 03:15:42 | INFO     | pipeline.bronze | Saved 49 rows → /Users/divyanshshrivastava/bootcamp-hub/repos/statsbomb-viz/data/bronze/lineups/3869354.parquet
2026-02-21 03:15:42 | INFO     | pipeline.bronze | Fetching events for match 3869552...
2026-02-21 03:15:45 | INFO     | pipeline.bronze | Saved 3551 rows → /Users/divyanshshrivastava/bootcamp-hub/repos/statsbomb-viz/data/bronze/events/3869552.parquet
2026-02-21 03:15:45 | INFO     | pipeline.bronze | Fetching lineups for match 3869552...
2026-02-21 03:15:46 | INFO     | pipeline.bronze | Saved 48 rows → /Users/divyanshshrivastava/bootcamp-hub/repos/statsbomb-viz/data/bronze/lineups/3869552.parquet
2026-02-21 03:15:46 | INFO     | pipeline.bronze | Fetching events for match 3869420...
2026-02-21 03:15:48 | INFO     | pipeline.bronze | Saved 5145 rows → /Users/divyanshshrivastava/bootcamp-hub/repos/statsbomb-viz/data/bronze/events/3869420.parquet
2026-02-21 03:15:48 | INFO     | pipeline.bronze | Fetching lineups for match 3869420...
2026-02-21 03:15:49 | INFO     | pipeline.bronze | Saved 50 rows → /Users/divyanshshrivastava/bootcamp-hub/repos/statsbomb-viz/data/bronze/lineups/3869420.parquet
2026-02-21 03:15:49 | INFO     | pipeline.bronze | Fetching events for match 3869220...
2026-02-21 03:15:51 | INFO     | pipeline.bronze | Saved 4750 rows → /Users/divyanshshrivastava/bootcamp-hub/repos/statsbomb-viz/data/bronze/events/3869220.parquet
2026-02-21 03:15:51 | INFO     | pipeline.bronze | Fetching lineups for match 3869220...
2026-02-21 03:15:52 | INFO     | pipeline.bronze | Saved 52 rows → /Users/divyanshshrivastava/bootcamp-hub/repos/statsbomb-viz/data/bronze/lineups/3869220.parquet
2026-02-21 03:15:52 | INFO     | pipeline.bronze | Fetching events for match 3869219...
2026-02-21 03:15:54 | INFO     | pipeline.bronze | Saved 4559 rows → /Users/divyanshshrivastava/bootcamp-hub/repos/statsbomb-viz/data/bronze/events/3869219.parquet
2026-02-21 03:15:54 | INFO     | pipeline.bronze | Fetching lineups for match 3869219...
2026-02-21 03:15:55 | INFO     | pipeline.bronze | Saved 48 rows → /Users/divyanshshrivastava/bootcamp-hub/repos/statsbomb-viz/data/bronze/lineups/3869219.parquet
2026-02-21 03:15:55 | INFO     | pipeline.bronze | Fetching events for match 3869253...
2026-02-21 03:15:58 | INFO     | pipeline.bronze | Saved 4046 rows → /Users/divyanshshrivastava/bootcamp-hub/repos/statsbomb-viz/data/bronze/events/3869253.parquet
2026-02-21 03:15:58 | INFO     | pipeline.bronze | Fetching lineups for match 3869253...
2026-02-21 03:15:59 | INFO     | pipeline.bronze | Saved 49 rows → /Users/divyanshshrivastava/bootcamp-hub/repos/statsbomb-viz/data/bronze/lineups/3869253.parquet
2026-02-21 03:15:59 | INFO     | pipeline.bronze | Fetching events for match 3869152...
2026-02-21 03:16:00 | INFO     | pipeline.bronze | Saved 3618 rows → /Users/divyanshshrivastava/bootcamp-hub/repos/statsbomb-viz/data/bronze/events/3869152.parquet
2026-02-21 03:16:00 | INFO     | pipeline.bronze | Fetching lineups for match 3869152...
2026-02-21 03:16:01 | INFO     | pipeline.bronze | Saved 50 rows → /Users/divyanshshrivastava/bootcamp-hub/repos/statsbomb-viz/data/bronze/lineups/3869152.parquet
2026-02-21 03:16:01 | INFO     | pipeline.bronze | Fetching events for match 3869117...
2026-02-21 03:16:03 | INFO     | pipeline.bronze | Saved 3582 rows → /Users/divyanshshrivastava/bootcamp-hub/repos/statsbomb-viz/data/bronze/events/3869117.parquet
2026-02-21 03:16:03 | INFO     | pipeline.bronze | Fetching lineups for match 3869117...
2026-02-21 03:16:04 | INFO     | pipeline.bronze | Saved 52 rows → /Users/divyanshshrivastava/bootcamp-hub/repos/statsbomb-viz/data/bronze/lineups/3869117.parquet
2026-02-21 03:16:04 | INFO     | pipeline.bronze | Fetching events for match 3857270...
2026-02-21 03:16:07 | INFO     | pipeline.bronze | Saved 3441 rows → /Users/divyanshshrivastava/bootcamp-hub/repos/statsbomb-viz/data/bronze/events/3857270.parquet
2026-02-21 03:16:07 | INFO     | pipeline.bronze | Fetching lineups for match 3857270...
2026-02-21 03:16:08 | INFO     | pipeline.bronze | Saved 49 rows → /Users/divyanshshrivastava/bootcamp-hub/repos/statsbomb-viz/data/bronze/lineups/3857270.parquet
2026-02-21 03:16:08 | INFO     | pipeline.bronze | Fetching events for match 3857263...
2026-02-21 03:16:10 | INFO     | pipeline.bronze | Saved 3603 rows → /Users/divyanshshrivastava/bootcamp-hub/repos/statsbomb-viz/data/bronze/events/3857263.parquet
2026-02-21 03:16:10 | INFO     | pipeline.bronze | Fetching lineups for match 3857263...
2026-02-21 03:16:11 | INFO     | pipeline.bronze | Saved 52 rows → /Users/divyanshshrivastava/bootcamp-hub/repos/statsbomb-viz/data/bronze/lineups/3857263.parquet
2026-02-21 03:16:11 | INFO     | pipeline.bronze | Fetching events for match 3857259...
2026-02-21 03:16:13 | INFO     | pipeline.bronze | Saved 3270 rows → /Users/divyanshshrivastava/bootcamp-hub/repos/statsbomb-viz/data/bronze/events/3857259.parquet
2026-02-21 03:16:13 | INFO     | pipeline.bronze | Fetching lineups for match 3857259...
2026-02-21 03:16:14 | INFO     | pipeline.bronze | Saved 51 rows → /Users/divyanshshrivastava/bootcamp-hub/repos/statsbomb-viz/data/bronze/lineups/3857259.parquet
2026-02-21 03:16:14 | INFO     | pipeline.bronze | Fetching events for match 3857295...
2026-02-21 03:16:16 | INFO     | pipeline.bronze | Saved 3825 rows → /Users/divyanshshrivastava/bootcamp-hub/repos/statsbomb-viz/data/bronze/events/3857295.parquet
2026-02-21 03:16:16 | INFO     | pipeline.bronze | Fetching lineups for match 3857295...
2026-02-21 03:16:17 | INFO     | pipeline.bronze | Saved 52 rows → /Users/divyanshshrivastava/bootcamp-hub/repos/statsbomb-viz/data/bronze/lineups/3857295.parquet
2026-02-21 03:16:17 | INFO     | pipeline.bronze | Fetching events for match 3857283...
2026-02-21 03:16:20 | INFO     | pipeline.bronze | Saved 3621 rows → /Users/divyanshshrivastava/bootcamp-hub/repos/statsbomb-viz/data/bronze/events/3857283.parquet
2026-02-21 03:16:20 | INFO     | pipeline.bronze | Fetching lineups for match 3857283...
2026-02-21 03:20:36 | INFO     | runner | Running Bronze layer...
2026-02-21 03:20:36 | INFO     | pipeline.bronze | ==================================================
2026-02-21 03:20:36 | INFO     | pipeline.bronze | BRONZE LAYER — Starting ingestion
2026-02-21 03:20:36 | INFO     | pipeline.bronze | ==================================================
2026-02-21 03:20:36 | INFO     | pipeline.bronze | Competitions already ingested, skipping.
2026-02-21 03:20:36 | INFO     | pipeline.bronze | Loaded 1 enabled competition(s) from config
2026-02-21 03:20:36 | INFO     | pipeline.bronze | Processing: FIFA World Cup 2022
2026-02-21 03:20:36 | INFO     | pipeline.bronze | Matches for FIFA World Cup 2022 already ingested, skipping.
2026-02-21 03:20:45 | INFO     | pipeline.bronze | Found 64 matches for FIFA World Cup 2022
2026-02-21 03:20:45 | INFO     | pipeline.bronze | Fetching lineups for match 3857283...
2026-02-21 03:20:47 | INFO     | pipeline.bronze | Saved 52 rows → /Users/divyanshshrivastava/bootcamp-hub/repos/statsbomb-viz/data/bronze/lineups/3857283.parquet
2026-02-21 03:20:47 | INFO     | pipeline.bronze | Fetching events for match 3857284...
2026-02-21 03:20:49 | INFO     | pipeline.bronze | Saved 3717 rows → /Users/divyanshshrivastava/bootcamp-hub/repos/statsbomb-viz/data/bronze/events/3857284.parquet
2026-02-21 03:20:49 | INFO     | pipeline.bronze | Fetching lineups for match 3857284...
2026-02-21 03:20:50 | INFO     | pipeline.bronze | Saved 52 rows → /Users/divyanshshrivastava/bootcamp-hub/repos/statsbomb-viz/data/bronze/lineups/3857284.parquet
2026-02-21 03:20:50 | INFO     | pipeline.bronze | Fetching events for match 3857282...
2026-02-21 03:20:52 | INFO     | pipeline.bronze | Saved 3687 rows → /Users/divyanshshrivastava/bootcamp-hub/repos/statsbomb-viz/data/bronze/events/3857282.parquet
2026-02-21 03:20:52 | INFO     | pipeline.bronze | Fetching lineups for match 3857282...
2026-02-21 03:20:53 | INFO     | pipeline.bronze | Saved 52 rows → /Users/divyanshshrivastava/bootcamp-hub/repos/statsbomb-viz/data/bronze/lineups/3857282.parquet
2026-02-21 03:20:53 | INFO     | pipeline.bronze | Fetching events for match 3857286...
2026-02-21 03:20:55 | INFO     | pipeline.bronze | Saved 3299 rows → /Users/divyanshshrivastava/bootcamp-hub/repos/statsbomb-viz/data/bronze/events/3857286.parquet
2026-02-21 03:20:55 | INFO     | pipeline.bronze | Fetching lineups for match 3857286...
2026-02-21 03:20:56 | INFO     | pipeline.bronze | Saved 52 rows → /Users/divyanshshrivastava/bootcamp-hub/repos/statsbomb-viz/data/bronze/lineups/3857286.parquet
2026-02-21 03:20:56 | INFO     | pipeline.bronze | Fetching events for match 3857301...
2026-02-21 03:20:58 | INFO     | pipeline.bronze | Saved 3546 rows → /Users/divyanshshrivastava/bootcamp-hub/repos/statsbomb-viz/data/bronze/events/3857301.parquet
2026-02-21 03:20:58 | INFO     | pipeline.bronze | Fetching lineups for match 3857301...
2026-02-21 03:20:59 | INFO     | pipeline.bronze | Saved 51 rows → /Users/divyanshshrivastava/bootcamp-hub/repos/statsbomb-viz/data/bronze/lineups/3857301.parquet
2026-02-21 03:20:59 | INFO     | pipeline.bronze | Fetching events for match 3857300...
2026-02-21 03:21:01 | INFO     | pipeline.bronze | Saved 3329 rows → /Users/divyanshshrivastava/bootcamp-hub/repos/statsbomb-viz/data/bronze/events/3857300.parquet
2026-02-21 03:21:01 | INFO     | pipeline.bronze | Fetching lineups for match 3857300...
2026-02-21 03:21:03 | INFO     | pipeline.bronze | Saved 52 rows → /Users/divyanshshrivastava/bootcamp-hub/repos/statsbomb-viz/data/bronze/lineups/3857300.parquet
2026-02-21 03:21:03 | INFO     | pipeline.bronze | Fetching events for match 3857299...
2026-02-21 03:21:04 | INFO     | pipeline.bronze | Saved 3346 rows → /Users/divyanshshrivastava/bootcamp-hub/repos/statsbomb-viz/data/bronze/events/3857299.parquet
2026-02-21 03:21:04 | INFO     | pipeline.bronze | Fetching lineups for match 3857299...
2026-02-21 03:21:06 | INFO     | pipeline.bronze | Saved 52 rows → /Users/divyanshshrivastava/bootcamp-hub/repos/statsbomb-viz/data/bronze/lineups/3857299.parquet
2026-02-21 03:21:06 | INFO     | pipeline.bronze | Fetching events for match 3857298...
2026-02-21 03:21:08 | INFO     | pipeline.bronze | Saved 3739 rows → /Users/divyanshshrivastava/bootcamp-hub/repos/statsbomb-viz/data/bronze/events/3857298.parquet
2026-02-21 03:21:08 | INFO     | pipeline.bronze | Fetching lineups for match 3857298...
2026-02-21 03:21:09 | INFO     | pipeline.bronze | Saved 51 rows → /Users/divyanshshrivastava/bootcamp-hub/repos/statsbomb-viz/data/bronze/lineups/3857298.parquet
2026-02-21 03:21:09 | INFO     | pipeline.bronze | Fetching events for match 3857297...
2026-02-21 03:21:11 | INFO     | pipeline.bronze | Saved 3203 rows → /Users/divyanshshrivastava/bootcamp-hub/repos/statsbomb-viz/data/bronze/events/3857297.parquet
2026-02-21 03:21:11 | INFO     | pipeline.bronze | Fetching lineups for match 3857297...
2026-02-21 03:21:12 | INFO     | pipeline.bronze | Saved 49 rows → /Users/divyanshshrivastava/bootcamp-hub/repos/statsbomb-viz/data/bronze/lineups/3857297.parquet
2026-02-21 03:21:12 | INFO     | pipeline.bronze | Fetching events for match 3857296...
2026-02-21 03:21:15 | INFO     | pipeline.bronze | Saved 4116 rows → /Users/divyanshshrivastava/bootcamp-hub/repos/statsbomb-viz/data/bronze/events/3857296.parquet
2026-02-21 03:21:15 | INFO     | pipeline.bronze | Fetching lineups for match 3857296...
2026-02-21 03:21:16 | INFO     | pipeline.bronze | Saved 51 rows → /Users/divyanshshrivastava/bootcamp-hub/repos/statsbomb-viz/data/bronze/lineups/3857296.parquet
2026-02-21 03:21:16 | INFO     | pipeline.bronze | Fetching events for match 3857293...
2026-02-21 03:21:18 | INFO     | pipeline.bronze | Saved 3495 rows → /Users/divyanshshrivastava/bootcamp-hub/repos/statsbomb-viz/data/bronze/events/3857293.parquet
2026-02-21 03:21:18 | INFO     | pipeline.bronze | Fetching lineups for match 3857293...
2026-02-21 03:21:18 | INFO     | pipeline.bronze | Saved 51 rows → /Users/divyanshshrivastava/bootcamp-hub/repos/statsbomb-viz/data/bronze/lineups/3857293.parquet
2026-02-21 03:21:18 | INFO     | pipeline.bronze | Fetching events for match 3857292...
2026-02-21 03:21:21 | INFO     | pipeline.bronze | Saved 3869 rows → /Users/divyanshshrivastava/bootcamp-hub/repos/statsbomb-viz/data/bronze/events/3857292.parquet
2026-02-21 03:21:21 | INFO     | pipeline.bronze | Fetching lineups for match 3857292...
2026-02-21 03:21:22 | INFO     | pipeline.bronze | Saved 51 rows → /Users/divyanshshrivastava/bootcamp-hub/repos/statsbomb-viz/data/bronze/lineups/3857292.parquet
2026-02-21 03:21:22 | INFO     | pipeline.bronze | Fetching events for match 3857291...
2026-02-21 03:21:24 | INFO     | pipeline.bronze | Saved 4353 rows → /Users/divyanshshrivastava/bootcamp-hub/repos/statsbomb-viz/data/bronze/events/3857291.parquet
2026-02-21 03:21:24 | INFO     | pipeline.bronze | Fetching lineups for match 3857291...
2026-02-21 03:21:25 | INFO     | pipeline.bronze | Saved 52 rows → /Users/divyanshshrivastava/bootcamp-hub/repos/statsbomb-viz/data/bronze/lineups/3857291.parquet
2026-02-21 03:21:25 | INFO     | pipeline.bronze | Fetching events for match 3857290...
2026-02-21 03:21:27 | INFO     | pipeline.bronze | Saved 3601 rows → /Users/divyanshshrivastava/bootcamp-hub/repos/statsbomb-viz/data/bronze/events/3857290.parquet
2026-02-21 03:21:27 | INFO     | pipeline.bronze | Fetching lineups for match 3857290...
2026-02-21 03:21:28 | INFO     | pipeline.bronze | Saved 51 rows → /Users/divyanshshrivastava/bootcamp-hub/repos/statsbomb-viz/data/bronze/lineups/3857290.parquet
2026-02-21 03:21:28 | INFO     | pipeline.bronze | Fetching events for match 3857285...
2026-02-21 03:21:30 | INFO     | pipeline.bronze | Saved 3133 rows → /Users/divyanshshrivastava/bootcamp-hub/repos/statsbomb-viz/data/bronze/events/3857285.parquet
2026-02-21 03:21:30 | INFO     | pipeline.bronze | Fetching lineups for match 3857285...
2026-02-21 03:21:31 | INFO     | pipeline.bronze | Saved 52 rows → /Users/divyanshshrivastava/bootcamp-hub/repos/statsbomb-viz/data/bronze/lineups/3857285.parquet
2026-02-21 03:21:31 | INFO     | pipeline.bronze | Fetching events for match 3857281...
2026-02-21 03:21:33 | INFO     | pipeline.bronze | Saved 3725 rows → /Users/divyanshshrivastava/bootcamp-hub/repos/statsbomb-viz/data/bronze/events/3857281.parquet
2026-02-21 03:21:33 | INFO     | pipeline.bronze | Fetching lineups for match 3857281...
2026-02-21 03:21:34 | INFO     | pipeline.bronze | Saved 51 rows → /Users/divyanshshrivastava/bootcamp-hub/repos/statsbomb-viz/data/bronze/lineups/3857281.parquet
2026-02-21 03:21:34 | INFO     | pipeline.bronze | Fetching events for match 3857280...
2026-02-21 03:21:36 | INFO     | pipeline.bronze | Saved 3300 rows → /Users/divyanshshrivastava/bootcamp-hub/repos/statsbomb-viz/data/bronze/events/3857280.parquet
2026-02-21 03:21:36 | INFO     | pipeline.bronze | Fetching lineups for match 3857280...
2026-02-21 03:21:37 | INFO     | pipeline.bronze | Saved 45 rows → /Users/divyanshshrivastava/bootcamp-hub/repos/statsbomb-viz/data/bronze/lineups/3857280.parquet
2026-02-21 03:21:37 | INFO     | pipeline.bronze | Fetching events for match 3857279...
2026-02-21 03:21:39 | INFO     | pipeline.bronze | Saved 3963 rows → /Users/divyanshshrivastava/bootcamp-hub/repos/statsbomb-viz/data/bronze/events/3857279.parquet
2026-02-21 03:21:39 | INFO     | pipeline.bronze | Fetching lineups for match 3857279...
2026-02-21 03:21:40 | INFO     | pipeline.bronze | Saved 51 rows → /Users/divyanshshrivastava/bootcamp-hub/repos/statsbomb-viz/data/bronze/lineups/3857279.parquet
2026-02-21 03:21:40 | INFO     | pipeline.bronze | Fetching events for match 3857278...
2026-02-21 03:21:42 | INFO     | pipeline.bronze | Saved 3596 rows → /Users/divyanshshrivastava/bootcamp-hub/repos/statsbomb-viz/data/bronze/events/3857278.parquet
2026-02-21 03:21:42 | INFO     | pipeline.bronze | Fetching lineups for match 3857278...
2026-02-21 03:21:43 | INFO     | pipeline.bronze | Saved 50 rows → /Users/divyanshshrivastava/bootcamp-hub/repos/statsbomb-viz/data/bronze/lineups/3857278.parquet
2026-02-21 03:21:43 | INFO     | pipeline.bronze | Fetching events for match 3857277...
2026-02-21 03:21:45 | INFO     | pipeline.bronze | Saved 3719 rows → /Users/divyanshshrivastava/bootcamp-hub/repos/statsbomb-viz/data/bronze/events/3857277.parquet
2026-02-21 03:21:45 | INFO     | pipeline.bronze | Fetching lineups for match 3857277...
2026-02-21 03:21:46 | INFO     | pipeline.bronze | Saved 52 rows → /Users/divyanshshrivastava/bootcamp-hub/repos/statsbomb-viz/data/bronze/lineups/3857277.parquet
2026-02-21 03:21:46 | INFO     | pipeline.bronze | Fetching events for match 3857276...
2026-02-21 03:21:48 | INFO     | pipeline.bronze | Saved 3389 rows → /Users/divyanshshrivastava/bootcamp-hub/repos/statsbomb-viz/data/bronze/events/3857276.parquet
2026-02-21 03:21:48 | INFO     | pipeline.bronze | Fetching lineups for match 3857276...
2026-02-21 03:21:49 | INFO     | pipeline.bronze | Saved 52 rows → /Users/divyanshshrivastava/bootcamp-hub/repos/statsbomb-viz/data/bronze/lineups/3857276.parquet
2026-02-21 03:21:49 | INFO     | pipeline.bronze | Fetching events for match 3857275...
2026-02-21 03:21:52 | INFO     | pipeline.bronze | Saved 3564 rows → /Users/divyanshshrivastava/bootcamp-hub/repos/statsbomb-viz/data/bronze/events/3857275.parquet
2026-02-21 03:21:52 | INFO     | pipeline.bronze | Fetching lineups for match 3857275...
2026-02-21 03:21:53 | INFO     | pipeline.bronze | Saved 50 rows → /Users/divyanshshrivastava/bootcamp-hub/repos/statsbomb-viz/data/bronze/lineups/3857275.parquet
2026-02-21 03:21:53 | INFO     | pipeline.bronze | Fetching events for match 3857274...
2026-02-21 03:21:55 | INFO     | pipeline.bronze | Saved 3564 rows → /Users/divyanshshrivastava/bootcamp-hub/repos/statsbomb-viz/data/bronze/events/3857274.parquet
2026-02-21 03:21:55 | INFO     | pipeline.bronze | Fetching lineups for match 3857274...
2026-02-21 03:21:56 | INFO     | pipeline.bronze | Saved 52 rows → /Users/divyanshshrivastava/bootcamp-hub/repos/statsbomb-viz/data/bronze/lineups/3857274.parquet
2026-02-21 03:21:56 | INFO     | pipeline.bronze | Fetching events for match 3857273...
2026-02-21 03:21:58 | INFO     | pipeline.bronze | Saved 3133 rows → /Users/divyanshshrivastava/bootcamp-hub/repos/statsbomb-viz/data/bronze/events/3857273.parquet
2026-02-21 03:21:58 | INFO     | pipeline.bronze | Fetching lineups for match 3857273...
2026-02-21 03:21:59 | INFO     | pipeline.bronze | Saved 51 rows → /Users/divyanshshrivastava/bootcamp-hub/repos/statsbomb-viz/data/bronze/lineups/3857273.parquet
2026-02-21 03:21:59 | INFO     | pipeline.bronze | Fetching events for match 3857272...
2026-02-21 03:39:11 | INFO     | runner | Running Downloader...
2026-02-21 03:39:11 | INFO     | pipeline.downloader | ==================================================
2026-02-21 03:39:11 | INFO     | pipeline.downloader | DOWNLOADER — Starting
2026-02-21 03:39:11 | INFO     | pipeline.downloader | ==================================================
2026-02-21 03:39:12 | INFO     | pipeline.downloader | Downloaded: competitions.json (32.0 KB)
2026-02-21 03:39:12 | INFO     | pipeline.downloader | Loaded 1 enabled competition(s)
2026-02-21 03:39:12 | INFO     | pipeline.downloader | Downloading matches for FIFA World Cup 2022...
2026-02-21 03:39:13 | INFO     | pipeline.downloader | Downloaded: 106.json (116.4 KB)
2026-02-21 03:39:13 | INFO     | pipeline.downloader | Found 64 matches for FIFA World Cup 2022
2026-02-21 03:39:13 | INFO     | pipeline.downloader | Match 1/64 — ID: 3857256
2026-02-21 03:39:15 | INFO     | pipeline.downloader | Downloaded: 3857256.json (2694.6 KB)
2026-02-21 03:39:16 | INFO     | pipeline.downloader | Downloaded: 3857256.json (22.0 KB)
2026-02-21 03:39:16 | INFO     | pipeline.downloader | Match 2/64 — ID: 3869151
2026-02-21 03:39:18 | INFO     | pipeline.downloader | Downloaded: 3869151.json (3433.7 KB)
2026-02-21 03:39:19 | INFO     | pipeline.downloader | Downloaded: 3869151.json (27.0 KB)
2026-02-21 03:39:19 | INFO     | pipeline.downloader | Match 3/64 — ID: 3857257
2026-02-21 03:39:21 | INFO     | pipeline.downloader | Downloaded: 3857257.json (3000.5 KB)
2026-02-21 03:39:22 | INFO     | pipeline.downloader | Downloaded: 3857257.json (25.5 KB)
2026-02-21 03:39:22 | INFO     | pipeline.downloader | Match 4/64 — ID: 3857258
2026-02-21 03:39:24 | INFO     | pipeline.downloader | Downloaded: 3857258.json (3062.4 KB)
2026-02-21 03:39:25 | INFO     | pipeline.downloader | Downloaded: 3857258.json (24.7 KB)
2026-02-21 03:39:25 | INFO     | pipeline.downloader | Match 5/64 — ID: 3857288
2026-02-21 03:39:27 | INFO     | pipeline.downloader | Downloaded: 3857288.json (2796.3 KB)
2026-02-21 03:39:28 | INFO     | pipeline.downloader | Downloaded: 3857288.json (23.5 KB)
2026-02-21 03:39:29 | INFO     | pipeline.downloader | Match 6/64 — ID: 3857267
2026-02-21 03:39:30 | INFO     | pipeline.downloader | Downloaded: 3857267.json (2387.8 KB)
2026-02-21 03:39:31 | INFO     | pipeline.downloader | Downloaded: 3857267.json (23.6 KB)
2026-02-21 03:39:32 | INFO     | pipeline.downloader | Match 7/64 — ID: 3869321
2026-02-21 03:39:35 | INFO     | pipeline.downloader | Downloaded: 3869321.json (3913.8 KB)
2026-02-21 03:39:36 | INFO     | pipeline.downloader | Downloaded: 3869321.json (29.2 KB)
2026-02-21 03:39:36 | INFO     | pipeline.downloader | Match 8/64 — ID: 3857287
2026-02-21 03:39:38 | INFO     | pipeline.downloader | Downloaded: 3857287.json (2889.9 KB)
2026-02-21 03:39:41 | INFO     | pipeline.downloader | Downloaded: 3857287.json (22.3 KB)
2026-02-21 03:39:41 | INFO     | pipeline.downloader | Match 9/64 — ID: 3869486
2026-02-21 03:39:43 | INFO     | pipeline.downloader | Downloaded: 3869486.json (2833.9 KB)
2026-02-21 03:39:44 | INFO     | pipeline.downloader | Downloaded: 3869486.json (26.9 KB)
2026-02-21 03:39:44 | INFO     | pipeline.downloader | Match 10/64 — ID: 3869685
2026-02-21 03:39:46 | INFO     | pipeline.downloader | Downloaded: 3869685.json (3669.1 KB)
2026-02-21 03:39:47 | INFO     | pipeline.downloader | Downloaded: 3869685.json (27.8 KB)
2026-02-21 03:39:47 | INFO     | pipeline.downloader | Match 11/64 — ID: 3857260
2026-02-21 03:39:49 | INFO     | pipeline.downloader | Downloaded: 3857260.json (2548.4 KB)
2026-02-21 03:39:50 | INFO     | pipeline.downloader | Downloaded: 3857260.json (26.7 KB)
2026-02-21 03:39:51 | INFO     | pipeline.downloader | Match 12/64 — ID: 3857264
2026-02-21 03:39:52 | INFO     | pipeline.downloader | Downloaded: 3857264.json (3391.0 KB)
2026-02-21 03:39:53 | INFO     | pipeline.downloader | Downloaded: 3857264.json (25.7 KB)
2026-02-21 03:39:54 | INFO     | pipeline.downloader | Match 13/64 — ID: 3857266
2026-02-21 03:39:56 | INFO     | pipeline.downloader | Downloaded: 3857266.json (3217.5 KB)
2026-02-21 03:39:57 | INFO     | pipeline.downloader | Downloaded: 3857266.json (21.5 KB)
2026-02-21 03:39:58 | INFO     | pipeline.downloader | Match 14/64 — ID: 3857289
2026-02-21 03:39:59 | INFO     | pipeline.downloader | Downloaded: 3857289.json (2806.1 KB)
2026-02-21 03:40:00 | INFO     | pipeline.downloader | Downloaded: 3857289.json (25.7 KB)
2026-02-21 03:40:01 | INFO     | pipeline.downloader | Match 15/64 — ID: 3857269
2026-02-21 03:40:03 | INFO     | pipeline.downloader | Downloaded: 3857269.json (3142.9 KB)
2026-02-21 03:40:05 | INFO     | pipeline.downloader | Downloaded: 3857269.json (23.4 KB)
2026-02-21 03:40:06 | INFO     | pipeline.downloader | Match 16/64 — ID: 3857294
2026-02-21 03:40:07 | INFO     | pipeline.downloader | Downloaded: 3857294.json (3574.1 KB)
2026-02-21 03:40:08 | INFO     | pipeline.downloader | Downloaded: 3857294.json (23.1 KB)
2026-02-21 03:40:09 | INFO     | pipeline.downloader | Match 17/64 — ID: 3869254
2026-02-21 03:40:11 | INFO     | pipeline.downloader | Downloaded: 3869254.json (2901.2 KB)
2026-02-21 03:40:12 | INFO     | pipeline.downloader | Downloaded: 3869254.json (25.1 KB)
2026-02-21 03:40:12 | INFO     | pipeline.downloader | Match 18/64 — ID: 3869118
2026-02-21 03:40:14 | INFO     | pipeline.downloader | Downloaded: 3869118.json (2872.7 KB)
2026-02-21 03:40:15 | INFO     | pipeline.downloader | Downloaded: 3869118.json (21.6 KB)
2026-02-21 03:40:15 | INFO     | pipeline.downloader | Match 19/64 — ID: 3869684
2026-02-21 03:40:17 | INFO     | pipeline.downloader | Downloaded: 3869684.json (2931.8 KB)
2026-02-21 03:40:17 | INFO     | pipeline.downloader | Downloaded: 3869684.json (22.8 KB)
2026-02-21 03:40:18 | INFO     | pipeline.downloader | Match 20/64 — ID: 3869519
2026-02-21 03:40:19 | INFO     | pipeline.downloader | Downloaded: 3869519.json (3149.7 KB)
2026-02-21 03:40:20 | INFO     | pipeline.downloader | Downloaded: 3869519.json (23.5 KB)
2026-02-21 03:40:21 | INFO     | pipeline.downloader | Match 21/64 — ID: 3869354
2026-02-21 03:40:23 | INFO     | pipeline.downloader | Downloaded: 3869354.json (2680.2 KB)
2026-02-21 03:40:23 | INFO     | pipeline.downloader | Downloaded: 3869354.json (19.1 KB)
2026-02-21 03:40:24 | INFO     | pipeline.downloader | Match 22/64 — ID: 3869552
2026-02-21 03:40:27 | INFO     | pipeline.downloader | Downloaded: 3869552.json (2931.4 KB)
2026-02-21 03:40:28 | INFO     | pipeline.downloader | Downloaded: 3869552.json (23.0 KB)
2026-02-21 03:40:29 | INFO     | pipeline.downloader | Match 23/64 — ID: 3869420
2026-02-21 03:40:32 | INFO     | pipeline.downloader | Downloaded: 3869420.json (4246.6 KB)
2026-02-21 03:40:33 | INFO     | pipeline.downloader | Downloaded: 3869420.json (23.8 KB)
2026-02-21 03:40:33 | INFO     | pipeline.downloader | Match 24/64 — ID: 3869220
2026-02-21 03:40:36 | INFO     | pipeline.downloader | Downloaded: 3869220.json (3882.0 KB)
2026-02-21 03:40:37 | INFO     | pipeline.downloader | Downloaded: 3869220.json (25.6 KB)
2026-02-21 03:40:37 | INFO     | pipeline.downloader | Match 25/64 — ID: 3869219
2026-02-21 03:40:39 | INFO     | pipeline.downloader | Downloaded: 3869219.json (3768.8 KB)
2026-02-21 03:40:40 | INFO     | pipeline.downloader | Downloaded: 3869219.json (21.7 KB)
2026-02-21 03:40:40 | INFO     | pipeline.downloader | Match 26/64 — ID: 3869253
2026-02-21 03:40:42 | INFO     | pipeline.downloader | Downloaded: 3869253.json (3362.6 KB)
2026-02-21 03:40:43 | INFO     | pipeline.downloader | Downloaded: 3869253.json (22.5 KB)
2026-02-21 03:40:43 | INFO     | pipeline.downloader | Match 27/64 — ID: 3869152
2026-02-21 03:40:45 | INFO     | pipeline.downloader | Downloaded: 3869152.json (3002.3 KB)
2026-02-21 03:40:46 | INFO     | pipeline.downloader | Downloaded: 3869152.json (21.3 KB)
2026-02-21 03:40:47 | INFO     | pipeline.downloader | Match 28/64 — ID: 3869117
2026-02-21 03:40:48 | INFO     | pipeline.downloader | Downloaded: 3869117.json (3018.8 KB)
2026-02-21 03:40:49 | INFO     | pipeline.downloader | Downloaded: 3869117.json (23.9 KB)
2026-02-21 03:40:50 | INFO     | pipeline.downloader | Match 29/64 — ID: 3857270
2026-02-21 03:40:51 | INFO     | pipeline.downloader | Downloaded: 3857270.json (2917.9 KB)
2026-02-21 03:40:52 | INFO     | pipeline.downloader | Downloaded: 3857270.json (26.4 KB)
2026-02-21 03:40:52 | INFO     | pipeline.downloader | Match 30/64 — ID: 3857263
2026-02-21 03:40:54 | INFO     | pipeline.downloader | Downloaded: 3857263.json (2956.4 KB)
2026-02-21 03:40:55 | INFO     | pipeline.downloader | Downloaded: 3857263.json (22.1 KB)
2026-02-21 03:40:56 | INFO     | pipeline.downloader | Match 31/64 — ID: 3857259
2026-02-21 03:40:57 | INFO     | pipeline.downloader | Downloaded: 3857259.json (2757.7 KB)
2026-02-21 03:40:58 | INFO     | pipeline.downloader | Downloaded: 3857259.json (25.4 KB)
2026-02-21 03:40:59 | INFO     | pipeline.downloader | Match 32/64 — ID: 3857295
2026-02-21 03:41:00 | INFO     | pipeline.downloader | Downloaded: 3857295.json (3150.8 KB)
2026-02-21 03:41:01 | INFO     | pipeline.downloader | Downloaded: 3857295.json (25.5 KB)
2026-02-21 03:41:01 | INFO     | pipeline.downloader | Match 33/64 — ID: 3857283
2026-02-21 03:41:04 | INFO     | pipeline.downloader | Downloaded: 3857283.json (2972.8 KB)
2026-02-21 03:41:05 | INFO     | pipeline.downloader | Downloaded: 3857283.json (24.1 KB)
2026-02-21 03:41:05 | INFO     | pipeline.downloader | Match 34/64 — ID: 3857284
2026-02-21 03:41:07 | INFO     | pipeline.downloader | Downloaded: 3857284.json (3110.2 KB)
2026-02-21 03:41:08 | INFO     | pipeline.downloader | Downloaded: 3857284.json (23.9 KB)
2026-02-21 03:41:08 | INFO     | pipeline.downloader | Match 35/64 — ID: 3857282
2026-02-21 03:41:10 | INFO     | pipeline.downloader | Downloaded: 3857282.json (3009.5 KB)
2026-02-21 03:41:10 | INFO     | pipeline.downloader | Downloaded: 3857282.json (23.9 KB)
2026-02-21 03:41:11 | INFO     | pipeline.downloader | Match 36/64 — ID: 3857286
2026-02-21 03:41:13 | INFO     | pipeline.downloader | Downloaded: 3857286.json (2733.9 KB)
2026-02-21 03:41:13 | INFO     | pipeline.downloader | Downloaded: 3857286.json (22.6 KB)
2026-02-21 03:41:14 | INFO     | pipeline.downloader | Match 37/64 — ID: 3857301
2026-02-21 03:41:16 | INFO     | pipeline.downloader | Downloaded: 3857301.json (2944.1 KB)
2026-02-21 03:41:17 | INFO     | pipeline.downloader | Downloaded: 3857301.json (24.5 KB)
2026-02-21 03:41:17 | INFO     | pipeline.downloader | Match 38/64 — ID: 3857300
2026-02-21 03:41:19 | INFO     | pipeline.downloader | Downloaded: 3857300.json (2798.4 KB)
2026-02-21 03:41:19 | WARNING  | pipeline.downloader | Attempt 1/3 failed for https://raw.githubusercontent.com/statsbomb/open-data/master/data/lineups/3857300.json: HTTPSConnectionPool(host='raw.githubusercontent.com', port=443): Max retries exceeded with url: /statsbomb/open-data/master/data/lineups/3857300.json (Caused by SSLError(SSLEOFError(8, 'EOF occurred in violation of protocol (_ssl.c:1129)')))
2026-02-21 03:41:22 | INFO     | pipeline.downloader | Downloaded: 3857300.json (24.5 KB)
2026-02-21 03:41:23 | INFO     | pipeline.downloader | Match 39/64 — ID: 3857299
2026-02-21 03:41:25 | INFO     | pipeline.downloader | Downloaded: 3857299.json (2785.7 KB)
2026-02-21 03:41:25 | INFO     | pipeline.downloader | Downloaded: 3857299.json (23.9 KB)
2026-02-21 03:41:26 | INFO     | pipeline.downloader | Match 40/64 — ID: 3857298
2026-02-21 03:41:28 | INFO     | pipeline.downloader | Downloaded: 3857298.json (3119.7 KB)
2026-02-21 03:41:29 | INFO     | pipeline.downloader | Downloaded: 3857298.json (25.4 KB)
2026-02-21 03:41:29 | INFO     | pipeline.downloader | Match 41/64 — ID: 3857297
2026-02-21 03:41:31 | INFO     | pipeline.downloader | Downloaded: 3857297.json (2686.2 KB)
2026-02-21 03:41:31 | INFO     | pipeline.downloader | Downloaded: 3857297.json (24.6 KB)
2026-02-21 03:41:32 | INFO     | pipeline.downloader | Match 42/64 — ID: 3857296
2026-02-21 03:41:33 | INFO     | pipeline.downloader | Downloaded: 3857296.json (3411.9 KB)
2026-02-21 03:41:34 | INFO     | pipeline.downloader | Downloaded: 3857296.json (21.7 KB)
2026-02-21 03:41:35 | INFO     | pipeline.downloader | Match 43/64 — ID: 3857293
2026-02-21 03:41:36 | INFO     | pipeline.downloader | Downloaded: 3857293.json (2905.4 KB)
2026-02-21 03:41:37 | INFO     | pipeline.downloader | Downloaded: 3857293.json (23.3 KB)
2026-02-21 03:41:38 | INFO     | pipeline.downloader | Match 44/64 — ID: 3857292
2026-02-21 03:41:40 | INFO     | pipeline.downloader | Downloaded: 3857292.json (3261.5 KB)
2026-02-21 03:41:41 | INFO     | pipeline.downloader | Downloaded: 3857292.json (25.8 KB)
2026-02-21 03:41:41 | INFO     | pipeline.downloader | Match 45/64 — ID: 3857291
2026-02-21 03:41:43 | INFO     | pipeline.downloader | Downloaded: 3857291.json (3567.0 KB)
2026-02-21 03:41:44 | INFO     | pipeline.downloader | Downloaded: 3857291.json (25.0 KB)
2026-02-21 03:41:44 | INFO     | pipeline.downloader | Match 46/64 — ID: 3857290
2026-02-21 03:41:46 | INFO     | pipeline.downloader | Downloaded: 3857290.json (2974.2 KB)
2026-02-21 03:41:47 | INFO     | pipeline.downloader | Downloaded: 3857290.json (21.5 KB)
2026-02-21 03:41:47 | INFO     | pipeline.downloader | Match 47/64 — ID: 3857285
2026-02-21 03:41:49 | INFO     | pipeline.downloader | Downloaded: 3857285.json (2626.5 KB)
2026-02-21 03:41:50 | INFO     | pipeline.downloader | Downloaded: 3857285.json (22.9 KB)
2026-02-21 03:41:51 | INFO     | pipeline.downloader | Match 48/64 — ID: 3857281
2026-02-21 03:41:52 | INFO     | pipeline.downloader | Downloaded: 3857281.json (3066.4 KB)
2026-02-21 03:41:53 | INFO     | pipeline.downloader | Downloaded: 3857281.json (26.0 KB)
2026-02-21 03:41:54 | INFO     | pipeline.downloader | Match 49/64 — ID: 3857280
2026-02-21 03:41:55 | INFO     | pipeline.downloader | Downloaded: 3857280.json (2783.9 KB)
2026-02-21 03:41:56 | INFO     | pipeline.downloader | Downloaded: 3857280.json (20.5 KB)
2026-02-21 03:41:56 | INFO     | pipeline.downloader | Match 50/64 — ID: 3857279
2026-02-21 03:41:58 | INFO     | pipeline.downloader | Downloaded: 3857279.json (3275.4 KB)
2026-02-21 03:41:59 | INFO     | pipeline.downloader | Downloaded: 3857279.json (22.0 KB)
2026-02-21 03:42:00 | INFO     | pipeline.downloader | Match 51/64 — ID: 3857278
2026-02-21 03:42:01 | INFO     | pipeline.downloader | Downloaded: 3857278.json (2965.6 KB)
2026-02-21 03:42:02 | INFO     | pipeline.downloader | Downloaded: 3857278.json (31.5 KB)
2026-02-21 03:42:03 | INFO     | pipeline.downloader | Match 52/64 — ID: 3857277
2026-02-21 03:42:04 | INFO     | pipeline.downloader | Downloaded: 3857277.json (3017.6 KB)
2026-02-21 03:42:05 | INFO     | pipeline.downloader | Downloaded: 3857277.json (22.1 KB)
2026-02-21 03:42:05 | INFO     | pipeline.downloader | Match 53/64 — ID: 3857276
2026-02-21 03:42:08 | INFO     | pipeline.downloader | Downloaded: 3857276.json (2746.0 KB)
2026-02-21 03:42:09 | INFO     | pipeline.downloader | Downloaded: 3857276.json (25.7 KB)
2026-02-21 03:42:09 | INFO     | pipeline.downloader | Match 54/64 — ID: 3857275
2026-02-21 03:42:12 | INFO     | pipeline.downloader | Downloaded: 3857275.json (2910.6 KB)
2026-02-21 03:42:13 | INFO     | pipeline.downloader | Downloaded: 3857275.json (21.6 KB)
2026-02-21 03:42:14 | INFO     | pipeline.downloader | Match 55/64 — ID: 3857274
2026-02-21 03:42:16 | INFO     | pipeline.downloader | Downloaded: 3857274.json (2983.6 KB)
2026-02-21 03:42:17 | INFO     | pipeline.downloader | Downloaded: 3857274.json (20.8 KB)
2026-02-21 03:42:17 | INFO     | pipeline.downloader | Match 56/64 — ID: 3857273
2026-02-21 03:42:19 | INFO     | pipeline.downloader | Downloaded: 3857273.json (2612.8 KB)
2026-02-21 03:42:20 | INFO     | pipeline.downloader | Downloaded: 3857273.json (23.8 KB)
2026-02-21 03:42:20 | INFO     | pipeline.downloader | Match 57/64 — ID: 3857272
2026-02-21 03:42:23 | INFO     | pipeline.downloader | Downloaded: 3857272.json (2893.5 KB)
2026-02-21 03:42:23 | INFO     | pipeline.downloader | Downloaded: 3857272.json (19.6 KB)
2026-02-21 03:42:24 | INFO     | pipeline.downloader | Match 58/64 — ID: 3857271
2026-02-21 03:42:26 | INFO     | pipeline.downloader | Downloaded: 3857271.json (2991.8 KB)
2026-02-21 03:42:26 | INFO     | pipeline.downloader | Downloaded: 3857271.json (25.3 KB)
2026-02-21 03:42:27 | INFO     | pipeline.downloader | Match 59/64 — ID: 3857268
2026-02-21 03:42:29 | INFO     | pipeline.downloader | Downloaded: 3857268.json (2920.4 KB)
2026-02-21 03:42:30 | INFO     | pipeline.downloader | Downloaded: 3857268.json (24.5 KB)
2026-02-21 03:42:30 | INFO     | pipeline.downloader | Match 60/64 — ID: 3857265
2026-02-21 03:42:32 | INFO     | pipeline.downloader | Downloaded: 3857265.json (2639.3 KB)
2026-02-21 03:42:33 | INFO     | pipeline.downloader | Downloaded: 3857265.json (22.7 KB)
2026-02-21 03:42:34 | INFO     | pipeline.downloader | Match 61/64 — ID: 3857262
2026-02-21 03:42:37 | INFO     | pipeline.downloader | Downloaded: 3857262.json (2851.6 KB)
2026-02-21 03:42:38 | INFO     | pipeline.downloader | Downloaded: 3857262.json (26.7 KB)
2026-02-21 03:42:38 | INFO     | pipeline.downloader | Match 62/64 — ID: 3857261
2026-02-21 03:42:40 | INFO     | pipeline.downloader | Downloaded: 3857261.json (2740.3 KB)
2026-02-21 03:42:41 | INFO     | pipeline.downloader | Downloaded: 3857261.json (21.2 KB)
2026-02-21 03:42:41 | INFO     | pipeline.downloader | Match 63/64 — ID: 3857255
2026-02-21 03:42:44 | INFO     | pipeline.downloader | Downloaded: 3857255.json (3665.5 KB)
2026-02-21 03:42:45 | INFO     | pipeline.downloader | Downloaded: 3857255.json (21.9 KB)
2026-02-21 03:42:45 | INFO     | pipeline.downloader | Match 64/64 — ID: 3857254
2026-02-21 03:42:47 | INFO     | pipeline.downloader | Downloaded: 3857254.json (3054.9 KB)
2026-02-21 03:42:48 | INFO     | pipeline.downloader | Downloaded: 3857254.json (23.6 KB)
2026-02-21 03:42:48 | INFO     | pipeline.downloader | ==================================================
2026-02-21 03:42:48 | INFO     | pipeline.downloader | DOWNLOADER — Complete
2026-02-21 03:42:48 | INFO     | pipeline.downloader |   Downloaded: 0 matches
2026-02-21 03:42:48 | INFO     | pipeline.downloader |   Skipped (already existed): 64 matches
2026-02-21 03:42:48 | INFO     | pipeline.downloader | ==================================================
2026-02-21 03:42:48 | INFO     | runner | Pipeline complete.
2026-02-21 03:45:34 | INFO     | runner | Running Bronze...
2026-02-21 03:45:34 | INFO     | pipeline.bronze | ==================================================
2026-02-21 03:45:34 | INFO     | pipeline.bronze | BRONZE LAYER — Starting
2026-02-21 03:45:34 | INFO     | pipeline.bronze | ==================================================
2026-02-21 03:45:34 | INFO     | pipeline.bronze | Processing: FIFA World Cup 2022
2026-02-21 03:45:34 | INFO     | pipeline.bronze | Found 64 matches for FIFA World Cup 2022
2026-02-21 03:45:34 | INFO     | pipeline.bronze |   [1/64] match_id=3857256
2026-02-21 03:45:34 | INFO     | pipeline.bronze |   [2/64] match_id=3869151
2026-02-21 03:45:34 | INFO     | pipeline.bronze |   [3/64] match_id=3857257
2026-02-21 03:45:34 | INFO     | pipeline.bronze |   [4/64] match_id=3857258
2026-02-21 03:45:34 | INFO     | pipeline.bronze |   [5/64] match_id=3857288
2026-02-21 03:45:34 | INFO     | pipeline.bronze |   [6/64] match_id=3857267
2026-02-21 03:45:34 | INFO     | pipeline.bronze |   [7/64] match_id=3869321
2026-02-21 03:45:34 | INFO     | pipeline.bronze |   [8/64] match_id=3857287
2026-02-21 03:45:34 | INFO     | pipeline.bronze |   [9/64] match_id=3869486
2026-02-21 03:45:34 | INFO     | pipeline.bronze |   [10/64] match_id=3869685
2026-02-21 03:45:34 | INFO     | pipeline.bronze |   [11/64] match_id=3857260
2026-02-21 03:45:34 | INFO     | pipeline.bronze |   [12/64] match_id=3857264
2026-02-21 03:45:34 | INFO     | pipeline.bronze |   [13/64] match_id=3857266
2026-02-21 03:45:34 | INFO     | pipeline.bronze |   [14/64] match_id=3857289
2026-02-21 03:45:34 | INFO     | pipeline.bronze |   [15/64] match_id=3857269
2026-02-21 03:45:34 | INFO     | pipeline.bronze |   [16/64] match_id=3857294
2026-02-21 03:45:34 | INFO     | pipeline.bronze |   [17/64] match_id=3869254
2026-02-21 03:45:34 | INFO     | pipeline.bronze |   [18/64] match_id=3869118
2026-02-21 03:45:34 | INFO     | pipeline.bronze |   [19/64] match_id=3869684
2026-02-21 03:45:34 | INFO     | pipeline.bronze |   [20/64] match_id=3869519
2026-02-21 03:45:34 | INFO     | pipeline.bronze |   [21/64] match_id=3869354
2026-02-21 03:45:34 | INFO     | pipeline.bronze |   [22/64] match_id=3869552
2026-02-21 03:45:34 | INFO     | pipeline.bronze |   [23/64] match_id=3869420
2026-02-21 03:45:34 | INFO     | pipeline.bronze |   [24/64] match_id=3869220
2026-02-21 03:45:34 | INFO     | pipeline.bronze |   [25/64] match_id=3869219
2026-02-21 03:45:34 | INFO     | pipeline.bronze |   [26/64] match_id=3869253
2026-02-21 03:45:34 | INFO     | pipeline.bronze |   [27/64] match_id=3869152
2026-02-21 03:45:34 | INFO     | pipeline.bronze |   [28/64] match_id=3869117
2026-02-21 03:45:34 | INFO     | pipeline.bronze |   [29/64] match_id=3857270
2026-02-21 03:45:34 | INFO     | pipeline.bronze |   [30/64] match_id=3857263
2026-02-21 03:45:34 | INFO     | pipeline.bronze |   [31/64] match_id=3857259
2026-02-21 03:45:34 | INFO     | pipeline.bronze |   [32/64] match_id=3857295
2026-02-21 03:45:34 | INFO     | pipeline.bronze |   [33/64] match_id=3857283
2026-02-21 03:45:34 | INFO     | pipeline.bronze |   [34/64] match_id=3857284
2026-02-21 03:45:34 | INFO     | pipeline.bronze |   [35/64] match_id=3857282
2026-02-21 03:45:34 | INFO     | pipeline.bronze |   [36/64] match_id=3857286
2026-02-21 03:45:34 | INFO     | pipeline.bronze |   [37/64] match_id=3857301
2026-02-21 03:45:34 | INFO     | pipeline.bronze |   [38/64] match_id=3857300
2026-02-21 03:45:34 | INFO     | pipeline.bronze |   [39/64] match_id=3857299
2026-02-21 03:45:34 | INFO     | pipeline.bronze |   [40/64] match_id=3857298
2026-02-21 03:45:34 | INFO     | pipeline.bronze |   [41/64] match_id=3857297
2026-02-21 03:45:34 | INFO     | pipeline.bronze |   [42/64] match_id=3857296
2026-02-21 03:45:34 | INFO     | pipeline.bronze |   [43/64] match_id=3857293
2026-02-21 03:45:34 | INFO     | pipeline.bronze |   [44/64] match_id=3857292
2026-02-21 03:45:34 | INFO     | pipeline.bronze |   [45/64] match_id=3857291
2026-02-21 03:45:34 | INFO     | pipeline.bronze |   [46/64] match_id=3857290
2026-02-21 03:45:34 | INFO     | pipeline.bronze |   [47/64] match_id=3857285
2026-02-21 03:45:34 | INFO     | pipeline.bronze |   [48/64] match_id=3857281
2026-02-21 03:45:34 | INFO     | pipeline.bronze |   [49/64] match_id=3857280
2026-02-21 03:45:34 | INFO     | pipeline.bronze |   [50/64] match_id=3857279
2026-02-21 03:45:34 | INFO     | pipeline.bronze |   [51/64] match_id=3857278
2026-02-21 03:45:34 | INFO     | pipeline.bronze |   [52/64] match_id=3857277
2026-02-21 03:45:34 | INFO     | pipeline.bronze |   [53/64] match_id=3857276
2026-02-21 03:45:34 | INFO     | pipeline.bronze |   [54/64] match_id=3857275
2026-02-21 03:45:34 | INFO     | pipeline.bronze |   [55/64] match_id=3857274
2026-02-21 03:45:34 | INFO     | pipeline.bronze |   [56/64] match_id=3857273
2026-02-21 03:45:34 | INFO     | pipeline.bronze |   [57/64] match_id=3857272
2026-02-21 03:45:34 | INFO     | pipeline.bronze | Saved 3,519 rows → /Users/divyanshshrivastava/bootcamp-hub/repos/statsbomb-viz/data/bronze/events/3857272.parquet
2026-02-21 03:45:34 | INFO     | pipeline.bronze | Saved 52 rows → /Users/divyanshshrivastava/bootcamp-hub/repos/statsbomb-viz/data/bronze/lineups/3857272.parquet
2026-02-21 03:45:34 | INFO     | pipeline.bronze |   [58/64] match_id=3857271
2026-02-21 03:45:34 | INFO     | pipeline.bronze | Saved 3,649 rows → /Users/divyanshshrivastava/bootcamp-hub/repos/statsbomb-viz/data/bronze/events/3857271.parquet
2026-02-21 03:45:34 | INFO     | pipeline.bronze | Saved 51 rows → /Users/divyanshshrivastava/bootcamp-hub/repos/statsbomb-viz/data/bronze/lineups/3857271.parquet
2026-02-21 03:45:34 | INFO     | pipeline.bronze |   [59/64] match_id=3857268
2026-02-21 03:45:34 | INFO     | pipeline.bronze | Saved 3,499 rows → /Users/divyanshshrivastava/bootcamp-hub/repos/statsbomb-viz/data/bronze/events/3857268.parquet
2026-02-21 03:45:34 | INFO     | pipeline.bronze | Saved 52 rows → /Users/divyanshshrivastava/bootcamp-hub/repos/statsbomb-viz/data/bronze/lineups/3857268.parquet
2026-02-21 03:45:34 | INFO     | pipeline.bronze |   [60/64] match_id=3857265
2026-02-21 03:45:34 | INFO     | pipeline.bronze | Saved 3,184 rows → /Users/divyanshshrivastava/bootcamp-hub/repos/statsbomb-viz/data/bronze/events/3857265.parquet
2026-02-21 03:45:34 | INFO     | pipeline.bronze | Saved 52 rows → /Users/divyanshshrivastava/bootcamp-hub/repos/statsbomb-viz/data/bronze/lineups/3857265.parquet
2026-02-21 03:45:34 | INFO     | pipeline.bronze |   [61/64] match_id=3857262
2026-02-21 03:45:35 | INFO     | pipeline.bronze | Saved 3,379 rows → /Users/divyanshshrivastava/bootcamp-hub/repos/statsbomb-viz/data/bronze/events/3857262.parquet
2026-02-21 03:45:35 | INFO     | pipeline.bronze | Saved 49 rows → /Users/divyanshshrivastava/bootcamp-hub/repos/statsbomb-viz/data/bronze/lineups/3857262.parquet
2026-02-21 03:45:35 | INFO     | pipeline.bronze |   [62/64] match_id=3857261
2026-02-21 03:45:35 | INFO     | pipeline.bronze | Saved 3,316 rows → /Users/divyanshshrivastava/bootcamp-hub/repos/statsbomb-viz/data/bronze/events/3857261.parquet
2026-02-21 03:45:35 | INFO     | pipeline.bronze | Saved 50 rows → /Users/divyanshshrivastava/bootcamp-hub/repos/statsbomb-viz/data/bronze/lineups/3857261.parquet
2026-02-21 03:45:35 | INFO     | pipeline.bronze |   [63/64] match_id=3857255
2026-02-21 03:45:35 | INFO     | pipeline.bronze | Saved 4,450 rows → /Users/divyanshshrivastava/bootcamp-hub/repos/statsbomb-viz/data/bronze/events/3857255.parquet
2026-02-21 03:45:35 | INFO     | pipeline.bronze | Saved 52 rows → /Users/divyanshshrivastava/bootcamp-hub/repos/statsbomb-viz/data/bronze/lineups/3857255.parquet
2026-02-21 03:45:35 | INFO     | pipeline.bronze |   [64/64] match_id=3857254
2026-02-21 03:45:35 | INFO     | pipeline.bronze | Saved 3,680 rows → /Users/divyanshshrivastava/bootcamp-hub/repos/statsbomb-viz/data/bronze/events/3857254.parquet
2026-02-21 03:45:35 | INFO     | pipeline.bronze | Saved 52 rows → /Users/divyanshshrivastava/bootcamp-hub/repos/statsbomb-viz/data/bronze/lineups/3857254.parquet
2026-02-21 03:45:35 | INFO     | pipeline.bronze | BRONZE LAYER — Complete
2026-02-21 03:45:35 | INFO     | runner | Pipeline complete.
2026-02-21 03:53:53 | INFO     | runner | Running Bronze...
2026-02-21 03:53:53 | INFO     | pipeline.bronze | ==================================================
2026-02-21 03:53:53 | INFO     | pipeline.bronze | BRONZE LAYER — Starting
2026-02-21 03:53:53 | INFO     | pipeline.bronze | ==================================================
2026-02-21 03:53:53 | INFO     | pipeline.bronze | Processing: FIFA World Cup 2022
2026-02-21 03:53:53 | INFO     | pipeline.bronze | Found 64 matches for FIFA World Cup 2022
2026-02-21 03:53:53 | INFO     | pipeline.bronze |   [1/64] match_id=3857256
2026-02-21 03:53:53 | INFO     | pipeline.bronze |   [2/64] match_id=3869151
2026-02-21 03:53:53 | INFO     | pipeline.bronze |   [3/64] match_id=3857257
2026-02-21 03:53:53 | INFO     | pipeline.bronze |   [4/64] match_id=3857258
2026-02-21 03:53:53 | INFO     | pipeline.bronze |   [5/64] match_id=3857288
2026-02-21 03:53:53 | INFO     | pipeline.bronze |   [6/64] match_id=3857267
2026-02-21 03:53:53 | INFO     | pipeline.bronze |   [7/64] match_id=3869321
2026-02-21 03:53:53 | INFO     | pipeline.bronze |   [8/64] match_id=3857287
2026-02-21 03:53:53 | INFO     | pipeline.bronze |   [9/64] match_id=3869486
2026-02-21 03:53:53 | INFO     | pipeline.bronze |   [10/64] match_id=3869685
2026-02-21 03:53:53 | INFO     | pipeline.bronze |   [11/64] match_id=3857260
2026-02-21 03:53:53 | INFO     | pipeline.bronze |   [12/64] match_id=3857264
2026-02-21 03:53:53 | INFO     | pipeline.bronze |   [13/64] match_id=3857266
2026-02-21 03:53:53 | INFO     | pipeline.bronze |   [14/64] match_id=3857289
2026-02-21 03:53:53 | INFO     | pipeline.bronze |   [15/64] match_id=3857269
2026-02-21 03:53:53 | INFO     | pipeline.bronze |   [16/64] match_id=3857294
2026-02-21 03:53:53 | INFO     | pipeline.bronze |   [17/64] match_id=3869254
2026-02-21 03:53:53 | INFO     | pipeline.bronze |   [18/64] match_id=3869118
2026-02-21 03:53:53 | INFO     | pipeline.bronze |   [19/64] match_id=3869684
2026-02-21 03:53:53 | INFO     | pipeline.bronze |   [20/64] match_id=3869519
2026-02-21 03:53:53 | INFO     | pipeline.bronze |   [21/64] match_id=3869354
2026-02-21 03:53:53 | INFO     | pipeline.bronze |   [22/64] match_id=3869552
2026-02-21 03:53:53 | INFO     | pipeline.bronze |   [23/64] match_id=3869420
2026-02-21 03:53:53 | INFO     | pipeline.bronze |   [24/64] match_id=3869220
2026-02-21 03:53:53 | INFO     | pipeline.bronze |   [25/64] match_id=3869219
2026-02-21 03:53:53 | INFO     | pipeline.bronze |   [26/64] match_id=3869253
2026-02-21 03:53:53 | INFO     | pipeline.bronze |   [27/64] match_id=3869152
2026-02-21 03:53:53 | INFO     | pipeline.bronze |   [28/64] match_id=3869117
2026-02-21 03:53:53 | INFO     | pipeline.bronze |   [29/64] match_id=3857270
2026-02-21 03:53:53 | INFO     | pipeline.bronze |   [30/64] match_id=3857263
2026-02-21 03:53:53 | INFO     | pipeline.bronze |   [31/64] match_id=3857259
2026-02-21 03:53:53 | INFO     | pipeline.bronze |   [32/64] match_id=3857295
2026-02-21 03:53:53 | INFO     | pipeline.bronze |   [33/64] match_id=3857283
2026-02-21 03:53:53 | INFO     | pipeline.bronze |   [34/64] match_id=3857284
2026-02-21 03:53:53 | INFO     | pipeline.bronze |   [35/64] match_id=3857282
2026-02-21 03:53:53 | INFO     | pipeline.bronze |   [36/64] match_id=3857286
2026-02-21 03:53:53 | INFO     | pipeline.bronze |   [37/64] match_id=3857301
2026-02-21 03:53:53 | INFO     | pipeline.bronze |   [38/64] match_id=3857300
2026-02-21 03:53:53 | INFO     | pipeline.bronze |   [39/64] match_id=3857299
2026-02-21 03:53:53 | INFO     | pipeline.bronze |   [40/64] match_id=3857298
2026-02-21 03:53:53 | INFO     | pipeline.bronze |   [41/64] match_id=3857297
2026-02-21 03:53:53 | INFO     | pipeline.bronze |   [42/64] match_id=3857296
2026-02-21 03:53:53 | INFO     | pipeline.bronze |   [43/64] match_id=3857293
2026-02-21 03:53:53 | INFO     | pipeline.bronze |   [44/64] match_id=3857292
2026-02-21 03:53:53 | INFO     | pipeline.bronze |   [45/64] match_id=3857291
2026-02-21 03:53:53 | INFO     | pipeline.bronze |   [46/64] match_id=3857290
2026-02-21 03:53:53 | INFO     | pipeline.bronze |   [47/64] match_id=3857285
2026-02-21 03:53:53 | INFO     | pipeline.bronze |   [48/64] match_id=3857281
2026-02-21 03:53:53 | INFO     | pipeline.bronze |   [49/64] match_id=3857280
2026-02-21 03:53:53 | INFO     | pipeline.bronze |   [50/64] match_id=3857279
2026-02-21 03:53:53 | INFO     | pipeline.bronze |   [51/64] match_id=3857278
2026-02-21 03:53:53 | INFO     | pipeline.bronze |   [52/64] match_id=3857277
2026-02-21 03:53:53 | INFO     | pipeline.bronze |   [53/64] match_id=3857276
2026-02-21 03:53:53 | INFO     | pipeline.bronze |   [54/64] match_id=3857275
2026-02-21 03:53:53 | INFO     | pipeline.bronze |   [55/64] match_id=3857274
2026-02-21 03:53:53 | INFO     | pipeline.bronze |   [56/64] match_id=3857273
2026-02-21 03:53:53 | INFO     | pipeline.bronze |   [57/64] match_id=3857272
2026-02-21 03:53:53 | INFO     | pipeline.bronze |   [58/64] match_id=3857271
2026-02-21 03:53:53 | INFO     | pipeline.bronze |   [59/64] match_id=3857268
2026-02-21 03:53:53 | INFO     | pipeline.bronze |   [60/64] match_id=3857265
2026-02-21 03:53:53 | INFO     | pipeline.bronze |   [61/64] match_id=3857262
2026-02-21 03:53:53 | INFO     | pipeline.bronze |   [62/64] match_id=3857261
2026-02-21 03:53:53 | INFO     | pipeline.bronze |   [63/64] match_id=3857255
2026-02-21 03:53:53 | INFO     | pipeline.bronze |   [64/64] match_id=3857254
2026-02-21 03:53:53 | INFO     | pipeline.bronze | BRONZE LAYER — Complete
2026-02-21 03:53:53 | INFO     | runner | Pipeline complete.
2026-02-21 03:57:05 | INFO     | runner | Running Bronze...
2026-02-21 03:57:05 | INFO     | pipeline.bronze | ==================================================
2026-02-21 03:57:05 | INFO     | pipeline.bronze | BRONZE LAYER — Starting
2026-02-21 03:57:05 | INFO     | pipeline.bronze | ==================================================
2026-02-21 03:57:05 | INFO     | pipeline.bronze | Processing: FIFA World Cup 2022
2026-02-21 03:57:05 | INFO     | pipeline.bronze | Found 64 matches for FIFA World Cup 2022
2026-02-21 03:57:05 | INFO     | pipeline.bronze |   [1/64] match_id=3857256
2026-02-21 03:57:05 | INFO     | pipeline.bronze |   [2/64] match_id=3869151
2026-02-21 03:57:05 | INFO     | pipeline.bronze |   [3/64] match_id=3857257
2026-02-21 03:57:05 | INFO     | pipeline.bronze |   [4/64] match_id=3857258
2026-02-21 03:57:05 | INFO     | pipeline.bronze |   [5/64] match_id=3857288
2026-02-21 03:57:05 | INFO     | pipeline.bronze |   [6/64] match_id=3857267
2026-02-21 03:57:05 | INFO     | pipeline.bronze |   [7/64] match_id=3869321
2026-02-21 03:57:05 | INFO     | pipeline.bronze |   [8/64] match_id=3857287
2026-02-21 03:57:05 | INFO     | pipeline.bronze |   [9/64] match_id=3869486
2026-02-21 03:57:05 | INFO     | pipeline.bronze |   [10/64] match_id=3869685
2026-02-21 03:57:05 | INFO     | pipeline.bronze |   [11/64] match_id=3857260
2026-02-21 03:57:05 | INFO     | pipeline.bronze |   [12/64] match_id=3857264
2026-02-21 03:57:05 | INFO     | pipeline.bronze |   [13/64] match_id=3857266
2026-02-21 03:57:05 | INFO     | pipeline.bronze |   [14/64] match_id=3857289
2026-02-21 03:57:05 | INFO     | pipeline.bronze |   [15/64] match_id=3857269
2026-02-21 03:57:05 | INFO     | pipeline.bronze |   [16/64] match_id=3857294
2026-02-21 03:57:05 | INFO     | pipeline.bronze |   [17/64] match_id=3869254
2026-02-21 03:57:05 | INFO     | pipeline.bronze |   [18/64] match_id=3869118
2026-02-21 03:57:05 | INFO     | pipeline.bronze |   [19/64] match_id=3869684
2026-02-21 03:57:05 | INFO     | pipeline.bronze |   [20/64] match_id=3869519
2026-02-21 03:57:05 | INFO     | pipeline.bronze |   [21/64] match_id=3869354
2026-02-21 03:57:05 | INFO     | pipeline.bronze |   [22/64] match_id=3869552
2026-02-21 03:57:05 | INFO     | pipeline.bronze |   [23/64] match_id=3869420
2026-02-21 03:57:05 | INFO     | pipeline.bronze |   [24/64] match_id=3869220
2026-02-21 03:57:05 | INFO     | pipeline.bronze |   [25/64] match_id=3869219
2026-02-21 03:57:05 | INFO     | pipeline.bronze |   [26/64] match_id=3869253
2026-02-21 03:57:05 | INFO     | pipeline.bronze |   [27/64] match_id=3869152
2026-02-21 03:57:05 | INFO     | pipeline.bronze |   [28/64] match_id=3869117
2026-02-21 03:57:05 | INFO     | pipeline.bronze |   [29/64] match_id=3857270
2026-02-21 03:57:05 | INFO     | pipeline.bronze |   [30/64] match_id=3857263
2026-02-21 03:57:05 | INFO     | pipeline.bronze |   [31/64] match_id=3857259
2026-02-21 03:57:05 | INFO     | pipeline.bronze |   [32/64] match_id=3857295
2026-02-21 03:57:05 | INFO     | pipeline.bronze |   [33/64] match_id=3857283
2026-02-21 03:57:05 | INFO     | pipeline.bronze |   [34/64] match_id=3857284
2026-02-21 03:57:05 | INFO     | pipeline.bronze |   [35/64] match_id=3857282
2026-02-21 03:57:05 | INFO     | pipeline.bronze |   [36/64] match_id=3857286
2026-02-21 03:57:05 | INFO     | pipeline.bronze |   [37/64] match_id=3857301
2026-02-21 03:57:05 | INFO     | pipeline.bronze |   [38/64] match_id=3857300
2026-02-21 03:57:05 | INFO     | pipeline.bronze |   [39/64] match_id=3857299
2026-02-21 03:57:05 | INFO     | pipeline.bronze |   [40/64] match_id=3857298
2026-02-21 03:57:05 | INFO     | pipeline.bronze |   [41/64] match_id=3857297
2026-02-21 03:57:05 | INFO     | pipeline.bronze |   [42/64] match_id=3857296
2026-02-21 03:57:05 | INFO     | pipeline.bronze |   [43/64] match_id=3857293
2026-02-21 03:57:05 | INFO     | pipeline.bronze |   [44/64] match_id=3857292
2026-02-21 03:57:05 | INFO     | pipeline.bronze |   [45/64] match_id=3857291
2026-02-21 03:57:05 | INFO     | pipeline.bronze |   [46/64] match_id=3857290
2026-02-21 03:57:05 | INFO     | pipeline.bronze |   [47/64] match_id=3857285
2026-02-21 03:57:05 | INFO     | pipeline.bronze |   [48/64] match_id=3857281
2026-02-21 03:57:05 | INFO     | pipeline.bronze |   [49/64] match_id=3857280
2026-02-21 03:57:05 | INFO     | pipeline.bronze |   [50/64] match_id=3857279
2026-02-21 03:57:05 | INFO     | pipeline.bronze |   [51/64] match_id=3857278
2026-02-21 03:57:05 | INFO     | pipeline.bronze |   [52/64] match_id=3857277
2026-02-21 03:57:05 | INFO     | pipeline.bronze |   [53/64] match_id=3857276
2026-02-21 03:57:05 | INFO     | pipeline.bronze |   [54/64] match_id=3857275
2026-02-21 03:57:05 | INFO     | pipeline.bronze |   [55/64] match_id=3857274
2026-02-21 03:57:05 | INFO     | pipeline.bronze |   [56/64] match_id=3857273
2026-02-21 03:57:05 | INFO     | pipeline.bronze |   [57/64] match_id=3857272
2026-02-21 03:57:05 | INFO     | pipeline.bronze |   [58/64] match_id=3857271
2026-02-21 03:57:05 | INFO     | pipeline.bronze |   [59/64] match_id=3857268
2026-02-21 03:57:05 | INFO     | pipeline.bronze |   [60/64] match_id=3857265
2026-02-21 03:57:05 | INFO     | pipeline.bronze |   [61/64] match_id=3857262
2026-02-21 03:57:05 | INFO     | pipeline.bronze |   [62/64] match_id=3857261
2026-02-21 03:57:05 | INFO     | pipeline.bronze |   [63/64] match_id=3857255
2026-02-21 03:57:05 | INFO     | pipeline.bronze |   [64/64] match_id=3857254
2026-02-21 03:57:05 | INFO     | pipeline.bronze | BRONZE LAYER — Complete
2026-02-21 03:57:05 | INFO     | runner | Pipeline complete.
2026-02-21 03:59:49 | INFO     | pipeline.downloader | Loaded 1 enabled competition(s)
2026-02-21 04:06:03 | INFO     | runner | Running Silver...
2026-02-21 04:06:03 | INFO     | pipeline.silver | ==================================================
2026-02-21 04:06:03 | INFO     | pipeline.silver | SILVER LAYER — Starting
2026-02-21 04:06:03 | INFO     | pipeline.silver | ==================================================
2026-02-21 04:06:03 | INFO     | pipeline.silver | Building dimensions...
2026-02-21 04:06:03 | INFO     | pipeline.silver | Written 75 rows → dim_competition
2026-02-21 04:11:24 | INFO     | runner | Running Silver...
2026-02-21 04:11:24 | INFO     | pipeline.silver | ==================================================
2026-02-21 04:11:24 | INFO     | pipeline.silver | SILVER LAYER — Starting
2026-02-21 04:11:24 | INFO     | pipeline.silver | ==================================================
2026-02-21 04:11:24 | INFO     | pipeline.silver | Building dimensions...
2026-02-21 04:11:24 | INFO     | pipeline.silver | Table 'dim_competition' already exists, skipping.
2026-02-21 04:11:24 | INFO     | pipeline.silver | Written 32 rows → dim_team
2026-02-21 04:11:24 | INFO     | pipeline.silver | Written 829 rows → dim_player
2026-02-21 04:11:24 | INFO     | pipeline.silver | Written 64 rows → dim_match
2026-02-21 04:11:24 | INFO     | pipeline.silver | Building facts...
2026-02-21 04:11:24 | INFO     | pipeline.utils | Reading 64 files from bronze/events
2026-02-21 04:11:26 | INFO     | pipeline.silver | Written 234,652 rows → fact_events
2026-02-21 04:11:26 | INFO     | pipeline.utils | Reading 64 files from bronze/events
2026-02-21 04:11:28 | INFO     | pipeline.silver | Written 60,067 rows → fact_passes
2026-02-21 04:11:28 | INFO     | pipeline.utils | Reading 64 files from bronze/events
2026-02-21 04:11:29 | INFO     | pipeline.silver | Written 1,315 rows → fact_shots
2026-02-21 04:11:29 | INFO     | pipeline.utils | Reading 64 files from bronze/events
2026-02-21 04:11:30 | INFO     | pipeline.silver | Written 47,015 rows → fact_carries
2026-02-21 04:11:31 | INFO     | pipeline.silver | Written 3,244 rows → fact_lineups
2026-02-21 04:11:31 | INFO     | pipeline.silver | Building bridge tables...
2026-02-21 04:11:31 | INFO     | pipeline.utils | Reading 64 files from bronze/events
2026-02-21 04:14:18 | INFO     | runner | Running Silver...
2026-02-21 04:14:18 | INFO     | pipeline.silver | ==================================================
2026-02-21 04:14:18 | INFO     | pipeline.silver | SILVER LAYER — Starting
2026-02-21 04:14:18 | INFO     | pipeline.silver | ==================================================
2026-02-21 04:14:18 | INFO     | pipeline.silver | Building dimensions...
2026-02-21 04:14:18 | INFO     | pipeline.silver | Table 'dim_competition' already exists, skipping.
2026-02-21 04:14:18 | INFO     | pipeline.silver | Table 'dim_team' already exists, skipping.
2026-02-21 04:14:18 | INFO     | pipeline.silver | Table 'dim_player' already exists, skipping.
2026-02-21 04:14:18 | INFO     | pipeline.silver | Table 'dim_match' already exists, skipping.
2026-02-21 04:14:18 | INFO     | pipeline.silver | Building facts...
2026-02-21 04:14:18 | INFO     | pipeline.utils | Reading 64 files from bronze/events
2026-02-21 04:14:19 | INFO     | pipeline.silver | Table 'fact_events' already exists, skipping.
2026-02-21 04:14:19 | INFO     | pipeline.utils | Reading 64 files from bronze/events
2026-02-21 04:14:21 | INFO     | pipeline.silver | Table 'fact_passes' already exists, skipping.
2026-02-21 04:14:21 | INFO     | pipeline.utils | Reading 64 files from bronze/events
2026-02-21 04:14:22 | INFO     | pipeline.silver | Table 'fact_shots' already exists, skipping.
2026-02-21 04:14:22 | INFO     | pipeline.utils | Reading 64 files from bronze/events
2026-02-21 04:14:23 | INFO     | pipeline.silver | Table 'fact_carries' already exists, skipping.
2026-02-21 04:14:24 | INFO     | pipeline.silver | Table 'fact_lineups' already exists, skipping.
2026-02-21 04:14:24 | INFO     | pipeline.silver | Building bridge tables...
2026-02-21 04:14:24 | INFO     | pipeline.utils | Reading 64 files from bronze/events
2026-02-21 04:14:25 | WARNING  | pipeline.silver | No freeze frame data found — creating empty bridge table
2026-02-21 04:14:25 | INFO     | pipeline.silver | Written 0 rows → bridge_shot_freeze_frame (empty, schema created)
2026-02-21 04:14:25 | INFO     | pipeline.silver | ==================================================
2026-02-21 04:14:25 | INFO     | pipeline.silver | SILVER LAYER — Complete. Tables created:
2026-02-21 04:14:25 | INFO     | pipeline.silver |   bridge_shot_freeze_frame                   0 rows
2026-02-21 04:14:25 | INFO     | pipeline.silver |   dim_competition                           75 rows
2026-02-21 04:14:25 | INFO     | pipeline.silver |   dim_match                                 64 rows
2026-02-21 04:14:25 | INFO     | pipeline.silver |   dim_player                               829 rows
2026-02-21 04:14:25 | INFO     | pipeline.silver |   dim_team                                  32 rows
2026-02-21 04:14:25 | INFO     | pipeline.silver |   fact_carries                          47,015 rows
2026-02-21 04:14:25 | INFO     | pipeline.silver |   fact_events                          234,652 rows
2026-02-21 04:14:25 | INFO     | pipeline.silver |   fact_lineups                           3,244 rows
2026-02-21 04:14:25 | INFO     | pipeline.silver |   fact_passes                           60,067 rows
2026-02-21 04:14:25 | INFO     | pipeline.silver |   fact_shots                             1,315 rows
2026-02-21 04:14:25 | INFO     | pipeline.silver | ==================================================
2026-02-21 04:14:25 | INFO     | runner | Pipeline complete.
2026-02-21 04:14:57 | INFO     | runner | Running Silver...
2026-02-21 04:14:57 | INFO     | pipeline.silver | ==================================================
2026-02-21 04:14:57 | INFO     | pipeline.silver | SILVER LAYER — Starting
2026-02-21 04:14:57 | INFO     | pipeline.silver | ==================================================
2026-02-21 04:14:57 | INFO     | pipeline.silver | Building dimensions...
2026-02-21 04:14:57 | INFO     | pipeline.silver | Written 75 rows → dim_competition
2026-02-21 04:14:57 | INFO     | pipeline.silver | Written 32 rows → dim_team
2026-02-21 04:14:57 | INFO     | pipeline.silver | Written 829 rows → dim_player
2026-02-21 04:14:57 | INFO     | pipeline.silver | Written 64 rows → dim_match
2026-02-21 04:14:57 | INFO     | pipeline.silver | Building facts...
2026-02-21 04:14:57 | INFO     | pipeline.utils | Reading 64 files from bronze/events
2026-02-21 04:14:58 | INFO     | pipeline.silver | Written 234,652 rows → fact_events
2026-02-21 04:14:59 | INFO     | pipeline.utils | Reading 64 files from bronze/events
2026-02-21 04:15:00 | INFO     | pipeline.silver | Written 60,067 rows → fact_passes
2026-02-21 04:15:01 | INFO     | pipeline.utils | Reading 64 files from bronze/events
2026-02-21 04:15:02 | INFO     | pipeline.silver | Written 1,315 rows → fact_shots
2026-02-21 04:15:02 | INFO     | pipeline.utils | Reading 64 files from bronze/events
2026-02-21 04:15:03 | INFO     | pipeline.silver | Written 47,015 rows → fact_carries
2026-02-21 04:15:03 | INFO     | pipeline.silver | Written 3,244 rows → fact_lineups
2026-02-21 04:15:03 | INFO     | pipeline.silver | Building bridge tables...
2026-02-21 04:15:03 | INFO     | pipeline.utils | Reading 64 files from bronze/events
2026-02-21 04:15:05 | WARNING  | pipeline.silver | No freeze frame data found — creating empty bridge table
2026-02-21 04:15:05 | INFO     | pipeline.silver | Written 0 rows → bridge_shot_freeze_frame (empty, schema created)
2026-02-21 04:15:05 | INFO     | pipeline.silver | ==================================================
2026-02-21 04:15:05 | INFO     | pipeline.silver | SILVER LAYER — Complete. Tables created:
2026-02-21 04:15:05 | INFO     | pipeline.silver |   bridge_shot_freeze_frame                   0 rows
2026-02-21 04:15:05 | INFO     | pipeline.silver |   dim_competition                           75 rows
2026-02-21 04:15:05 | INFO     | pipeline.silver |   dim_match                                 64 rows
2026-02-21 04:15:05 | INFO     | pipeline.silver |   dim_player                               829 rows
2026-02-21 04:15:05 | INFO     | pipeline.silver |   dim_team                                  32 rows
2026-02-21 04:15:05 | INFO     | pipeline.silver |   fact_carries                          47,015 rows
2026-02-21 04:15:05 | INFO     | pipeline.silver |   fact_events                          234,652 rows
2026-02-21 04:15:05 | INFO     | pipeline.silver |   fact_lineups                           3,244 rows
2026-02-21 04:15:05 | INFO     | pipeline.silver |   fact_passes                           60,067 rows
2026-02-21 04:15:05 | INFO     | pipeline.silver |   fact_shots                             1,315 rows
2026-02-21 04:15:05 | INFO     | pipeline.silver | ==================================================
2026-02-21 04:15:05 | INFO     | runner | Pipeline complete.
2026-02-21 04:21:18 | INFO     | runner | Running Silver...
2026-02-21 04:21:18 | INFO     | pipeline.silver | ==================================================
2026-02-21 04:21:18 | INFO     | pipeline.silver | SILVER LAYER — Starting
2026-02-21 04:21:18 | INFO     | pipeline.silver | ==================================================
2026-02-21 04:21:18 | INFO     | pipeline.silver | Building dimensions...
2026-02-21 04:21:18 | INFO     | pipeline.silver | Written 75 rows → dim_competition
2026-02-21 04:21:18 | INFO     | pipeline.silver | Written 32 rows → dim_team
2026-02-21 04:21:18 | INFO     | pipeline.silver | Written 829 rows → dim_player
2026-02-21 04:21:19 | INFO     | pipeline.silver | Written 64 rows → dim_match
2026-02-21 04:21:19 | INFO     | pipeline.silver | Building facts...
2026-02-21 04:21:19 | INFO     | pipeline.utils | Reading 64 files from bronze/events
2026-02-21 04:21:20 | INFO     | pipeline.silver | Written 234,652 rows → fact_events
2026-02-21 04:21:20 | INFO     | pipeline.utils | Reading 64 files from bronze/events
2026-02-21 04:21:22 | INFO     | pipeline.silver | Written 60,067 rows → fact_passes
2026-02-21 04:21:22 | INFO     | pipeline.utils | Reading 64 files from bronze/events
2026-02-21 04:21:23 | INFO     | pipeline.silver | Written 1,315 rows → fact_shots
2026-02-21 04:21:23 | INFO     | pipeline.utils | Reading 64 files from bronze/events
2026-02-21 04:21:24 | INFO     | pipeline.silver | Written 47,015 rows → fact_carries
2026-02-21 04:21:25 | INFO     | pipeline.silver | Written 3,244 rows → fact_lineups
2026-02-21 04:21:25 | INFO     | pipeline.silver | Building bridge tables...
2026-02-21 04:21:25 | INFO     | pipeline.utils | Reading 64 files from bronze/events
2026-02-21 04:21:26 | INFO     | pipeline.silver | Written 17,820 rows → bridge_shot_freeze_frame
2026-02-21 04:21:26 | INFO     | pipeline.silver | ==================================================
2026-02-21 04:21:26 | INFO     | pipeline.silver | SILVER LAYER — Complete. Tables created:
2026-02-21 04:21:26 | INFO     | pipeline.silver |   bridge_shot_freeze_frame              17,820 rows
2026-02-21 04:21:26 | INFO     | pipeline.silver |   dim_competition                           75 rows
2026-02-21 04:21:26 | INFO     | pipeline.silver |   dim_match                                 64 rows
2026-02-21 04:21:26 | INFO     | pipeline.silver |   dim_player                               829 rows
2026-02-21 04:21:26 | INFO     | pipeline.silver |   dim_team                                  32 rows
2026-02-21 04:21:26 | INFO     | pipeline.silver |   fact_carries                          47,015 rows
2026-02-21 04:21:26 | INFO     | pipeline.silver |   fact_events                          234,652 rows
2026-02-21 04:21:26 | INFO     | pipeline.silver |   fact_lineups                           3,244 rows
2026-02-21 04:21:26 | INFO     | pipeline.silver |   fact_passes                           60,067 rows
2026-02-21 04:21:26 | INFO     | pipeline.silver |   fact_shots                             1,315 rows
2026-02-21 04:21:26 | INFO     | pipeline.silver | ==================================================
2026-02-21 04:21:26 | INFO     | runner | Pipeline complete.
2026-02-21 04:24:37 | INFO     | runner | Running Gold...
2026-02-21 04:24:37 | INFO     | pipeline.gold | ==================================================
2026-02-21 04:24:37 | INFO     | pipeline.gold | GOLD LAYER — Starting
2026-02-21 04:24:37 | INFO     | pipeline.gold | ==================================================
2026-02-21 04:24:37 | INFO     | pipeline.gold | Written 1,315 rows → gold_xg_timeline
2026-02-21 04:24:37 | INFO     | pipeline.gold | Written 1,713 rows → gold_pass_network_nodes
2026-02-21 04:24:37 | INFO     | pipeline.gold | Written 8,857 rows → gold_pass_network_edges
2026-02-21 04:24:37 | INFO     | pipeline.gold | Written 1,315 rows → gold_shot_map
2026-02-21 04:24:37 | INFO     | pipeline.gold | Written 0 rows → gold_formation_positions
2026-02-21 04:24:37 | INFO     | pipeline.gold | Written 112 rows → gold_team_stats
2026-02-21 04:24:37 | INFO     | pipeline.gold | ==================================================
2026-02-21 04:24:37 | INFO     | pipeline.gold | GOLD LAYER — Complete. Tables created:
2026-02-21 04:24:37 | INFO     | pipeline.gold |   gold_xg_timeline                       1,315 rows
2026-02-21 04:24:37 | INFO     | pipeline.gold |   gold_pass_network_nodes                1,713 rows
2026-02-21 04:24:37 | INFO     | pipeline.gold |   gold_pass_network_edges                8,857 rows
2026-02-21 04:24:37 | INFO     | pipeline.gold |   gold_shot_map                          1,315 rows
2026-02-21 04:24:37 | INFO     | pipeline.gold |   gold_formation_positions                   0 rows
2026-02-21 04:24:37 | INFO     | pipeline.gold |   gold_team_stats                          112 rows
2026-02-21 04:24:37 | INFO     | pipeline.gold | ==================================================
2026-02-21 04:24:37 | INFO     | runner | Pipeline complete.
2026-02-21 04:28:21 | INFO     | runner | Running Gold...
2026-02-21 04:28:21 | INFO     | pipeline.gold | ==================================================
2026-02-21 04:28:21 | INFO     | pipeline.gold | GOLD LAYER — Starting
2026-02-21 04:28:21 | INFO     | pipeline.gold | ==================================================
2026-02-21 04:28:21 | INFO     | pipeline.gold | Written 1,315 rows → gold_xg_timeline
2026-02-21 04:28:21 | INFO     | pipeline.gold | Written 1,713 rows → gold_pass_network_nodes
2026-02-21 04:28:21 | INFO     | pipeline.gold | Written 8,857 rows → gold_pass_network_edges
2026-02-21 04:28:21 | INFO     | pipeline.gold | Written 1,315 rows → gold_shot_map
2026-02-21 04:28:21 | INFO     | pipeline.gold | Written 0 rows → gold_formation_positions
2026-02-21 04:28:21 | INFO     | pipeline.gold | Written 112 rows → gold_team_stats
2026-02-21 04:28:21 | INFO     | pipeline.gold | ==================================================
2026-02-21 04:28:21 | INFO     | pipeline.gold | GOLD LAYER — Complete. Tables created:
2026-02-21 04:28:21 | INFO     | pipeline.gold |   gold_xg_timeline                       1,315 rows
2026-02-21 04:28:21 | INFO     | pipeline.gold |   gold_pass_network_nodes                1,713 rows
2026-02-21 04:28:21 | INFO     | pipeline.gold |   gold_pass_network_edges                8,857 rows
2026-02-21 04:28:21 | INFO     | pipeline.gold |   gold_shot_map                          1,315 rows
2026-02-21 04:28:21 | INFO     | pipeline.gold |   gold_formation_positions                   0 rows
2026-02-21 04:28:21 | INFO     | pipeline.gold |   gold_team_stats                          112 rows
2026-02-21 04:28:21 | INFO     | pipeline.gold | ==================================================
2026-02-21 04:28:21 | INFO     | runner | Pipeline complete.
2026-02-21 04:34:15 | INFO     | runner | Running Silver...
2026-02-21 04:34:15 | INFO     | pipeline.silver | ==================================================
2026-02-21 04:34:15 | INFO     | pipeline.silver | SILVER LAYER — Starting
2026-02-21 04:34:15 | INFO     | pipeline.silver | ==================================================
2026-02-21 04:34:15 | INFO     | pipeline.silver | Building dimensions...
2026-02-21 04:34:15 | INFO     | pipeline.silver | Written 75 rows → dim_competition
2026-02-21 04:34:15 | INFO     | pipeline.silver | Written 32 rows → dim_team
2026-02-21 04:34:16 | INFO     | pipeline.silver | Written 829 rows → dim_player
2026-02-21 04:34:16 | INFO     | pipeline.silver | Written 64 rows → dim_match
2026-02-21 04:34:16 | INFO     | pipeline.silver | Building facts...
2026-02-21 04:34:16 | INFO     | pipeline.utils | Reading 64 files from bronze/events
2026-02-21 04:34:17 | INFO     | pipeline.silver | Written 234,652 rows → fact_events
2026-02-21 04:34:17 | INFO     | pipeline.utils | Reading 64 files from bronze/events
2026-02-21 04:34:19 | INFO     | pipeline.silver | Written 60,067 rows → fact_passes
2026-02-21 04:34:19 | INFO     | pipeline.utils | Reading 64 files from bronze/events
2026-02-21 04:34:20 | INFO     | pipeline.silver | Written 1,315 rows → fact_shots
2026-02-21 04:34:20 | INFO     | pipeline.utils | Reading 64 files from bronze/events
2026-02-21 04:34:22 | INFO     | pipeline.silver | Written 47,015 rows → fact_carries
2026-02-21 04:34:22 | INFO     | pipeline.silver | Written 3,244 rows → fact_lineups
2026-02-21 04:34:22 | INFO     | pipeline.silver | Building bridge tables...
2026-02-21 04:34:22 | INFO     | pipeline.utils | Reading 64 files from bronze/events
2026-02-21 04:34:23 | INFO     | pipeline.silver | Written 17,820 rows → bridge_shot_freeze_frame
2026-02-21 04:34:23 | INFO     | pipeline.silver | ==================================================
2026-02-21 04:34:23 | INFO     | pipeline.silver | SILVER LAYER — Complete. Tables created:
2026-02-21 04:34:23 | INFO     | pipeline.silver |   bridge_shot_freeze_frame              17,820 rows
2026-02-21 04:34:23 | INFO     | pipeline.silver |   dim_competition                           75 rows
2026-02-21 04:34:23 | INFO     | pipeline.silver |   dim_match                                 64 rows
2026-02-21 04:34:23 | INFO     | pipeline.silver |   dim_player                               829 rows
2026-02-21 04:34:23 | INFO     | pipeline.silver |   dim_team                                  32 rows
2026-02-21 04:34:23 | INFO     | pipeline.silver |   fact_carries                          47,015 rows
2026-02-21 04:34:23 | INFO     | pipeline.silver |   fact_events                          234,652 rows
2026-02-21 04:34:23 | INFO     | pipeline.silver |   fact_lineups                           3,244 rows
2026-02-21 04:34:23 | INFO     | pipeline.silver |   fact_passes                           60,067 rows
2026-02-21 04:34:23 | INFO     | pipeline.silver |   fact_shots                             1,315 rows
2026-02-21 04:34:23 | INFO     | pipeline.silver | ==================================================
2026-02-21 04:34:23 | INFO     | runner | Pipeline complete.
2026-02-21 04:34:35 | INFO     | runner | Running Gold...
2026-02-21 04:34:35 | INFO     | pipeline.gold | ==================================================
2026-02-21 04:34:35 | INFO     | pipeline.gold | GOLD LAYER — Starting
2026-02-21 04:34:35 | INFO     | pipeline.gold | ==================================================
2026-02-21 04:34:35 | INFO     | pipeline.gold | Written 1,315 rows → gold_xg_timeline
2026-02-21 04:34:35 | INFO     | pipeline.gold | Written 1,713 rows → gold_pass_network_nodes
2026-02-21 04:34:35 | INFO     | pipeline.gold | Written 8,857 rows → gold_pass_network_edges
2026-02-21 04:34:35 | INFO     | pipeline.gold | Written 1,315 rows → gold_shot_map
2026-02-21 04:34:35 | INFO     | pipeline.gold | Written 1,734 rows → gold_formation_positions
2026-02-21 04:34:35 | INFO     | pipeline.gold | Written 112 rows → gold_team_stats
2026-02-21 04:34:35 | INFO     | pipeline.gold | ==================================================
2026-02-21 04:34:35 | INFO     | pipeline.gold | GOLD LAYER — Complete. Tables created:
2026-02-21 04:34:35 | INFO     | pipeline.gold |   gold_xg_timeline                       1,315 rows
2026-02-21 04:34:35 | INFO     | pipeline.gold |   gold_pass_network_nodes                1,713 rows
2026-02-21 04:34:35 | INFO     | pipeline.gold |   gold_pass_network_edges                8,857 rows
2026-02-21 04:34:35 | INFO     | pipeline.gold |   gold_shot_map                          1,315 rows
2026-02-21 04:34:35 | INFO     | pipeline.gold |   gold_formation_positions               1,734 rows
2026-02-21 04:34:35 | INFO     | pipeline.gold |   gold_team_stats                          112 rows
2026-02-21 04:34:35 | INFO     | pipeline.gold | ==================================================
2026-02-21 04:34:35 | INFO     | runner | Pipeline complete.
